#
# A fatal error has been detected by the Java Runtime Environment:
#
#  EXCEPTION_ACCESS_VIOLATION (0xc0000005) at pc=0x00007ff92b0bdf13, pid=7184, tid=11508
#
# JRE version: OpenJDK Runtime Environment Microsoft-8902769 (17.0.10+7) (build 17.0.10+7-LTS)
# Java VM: OpenJDK 64-Bit Server VM Microsoft-8902769 (17.0.10+7-LTS, mixed mode, sharing, tiered, compressed oops, compressed class ptrs, g1 gc, windows-amd64)
# Problematic frame:
# V  [jvm.dll+0x36df13]
#
# No core dump will be written. Minidumps are not enabled by default on client versions of Windows
#
# If you would like to submit a bug report, please visit:
#   https://github.com/microsoft/openjdk/issues
#

---------------  S U M M A R Y ------------

Command Line: -XX:MaxMetaspaceSize=512m --add-opens=java.base/java.util=ALL-UNNAMED --add-opens=java.base/java.lang=ALL-UNNAMED --add-opens=java.base/java.lang.invoke=ALL-UNNAMED --add-opens=java.prefs/java.util.prefs=ALL-UNNAMED --add-opens=java.base/java.nio.charset=ALL-UNNAMED --add-opens=java.base/java.net=ALL-UNNAMED --add-opens=java.base/java.util.concurrent.atomic=ALL-UNNAMED -Xmx2048m -Dfile.encoding=utf8 -Duser.country=IN -Duser.language=en -Duser.variant -javaagent:C:\Users\Khushboo Mayur Patil\.gradle\wrapper\dists\gradle-8.3-all\6en3ugtfdg5xnpx44z4qbwgas\gradle-8.3\lib\agents\gradle-instrumentation-agent-8.3.jar org.gradle.launcher.daemon.bootstrap.GradleDaemon 8.3

Host: Intel(R) Core(TM) i5-8250U CPU @ 1.60GHz, 8 cores, 7G,  Windows 10 , 64 bit Build 18362 (10.0.18362.86)
Time: Sun Mar 31 11:11:33 2024 India Standard Time elapsed time: 272.401902 seconds (0d 0h 4m 32s)

---------------  T H R E A D  ---------------

Current thread (0x000002387dd43040):  JavaThread "C2 CompilerThread2" daemon [_thread_in_native, id=11508, stack(0x00000086b3400000,0x00000086b3500000)]


Current CompileTask:
C2: 272402 10481       4       java.beans.MethodRef::set (58 bytes)

Stack: [0x00000086b3400000,0x00000086b3500000],  sp=0x00000086b34fb650,  free space=1005k
Native frames: (J=compiled Java code, j=interpreted, Vv=VM code, C=native code)
V  [jvm.dll+0x36df13]
V  [jvm.dll+0x1be66a]
V  [jvm.dll+0x1fd458]
V  [jvm.dll+0x1fca77]
V  [jvm.dll+0x1fcae6]
V  [jvm.dll+0x1bd23b]
V  [jvm.dll+0x21a559]
V  [jvm.dll+0x219821]
V  [jvm.dll+0x1a5176]
V  [jvm.dll+0x22957e]
V  [jvm.dll+0x22774c]
V  [jvm.dll+0x7ec5d7]
V  [jvm.dll+0x7e69da]
V  [jvm.dll+0x67e715]
C  [ucrtbase.dll+0x1d912]
C  [KERNEL32.DLL+0x17bd4]
C  [ntdll.dll+0x6ce71]


siginfo: EXCEPTION_ACCESS_VIOLATION (0xc0000005), reading address 0x0000000000000080


Registers:
RAX=0x000002387dd41b00, RBX=0x000002387bd94fe0, RCX=0x0000000000000000, RDX=0x0000000000000003
RSP=0x00000086b34fb650, RBP=0x000002387de08930, RSI=0x0000000000000000, RDI=0x00000086b34fba30
R8 =0x000002387d176d60, R9 =0x0000000000000188, R10=0x00000238200e2c30, R11=0x00000086b34fba30
R12=0x0000000000001613, R13=0x000002387eee7c18, R14=0x0000000000000050, R15=0x0000000000000020
RIP=0x00007ff92b0bdf13, EFLAGS=0x0000000000010202


Register to memory mapping:

RIP=0x00007ff92b0bdf13 jvm.dll
RAX=0x000002387dd41b00 is a thread
RBX=0x000002387bd94fe0 points into unknown readable memory: 0x0018058201016080 | 80 60 01 01 82 05 18 00
RCX=0x0 is NULL
RDX=0x0000000000000003 is an unknown value
RSP=0x00000086b34fb650 is pointing into the stack for thread: 0x000002387dd43040
RBP=0x000002387de08930 points into unknown readable memory: 0x0000000000000000 | 00 00 00 00 00 00 00 00
RSI=0x0 is NULL
RDI=0x00000086b34fba30 is pointing into the stack for thread: 0x000002387dd43040
R8 =0x000002387d176d60 points into unknown readable memory: 0x0000000000000000 | 00 00 00 00 00 00 00 00
R9 =0x0000000000000188 is an unknown value
R10=0x00000238200e2c30 points into unknown readable memory: 0x0000003100000a40 | 40 0a 00 00 31 00 00 00
R11=0x00000086b34fba30 is pointing into the stack for thread: 0x000002387dd43040
R12=0x0000000000001613 is an unknown value
R13=0x000002387eee7c18 points into unknown readable memory: 0x00007ff92b683c78 | 78 3c 68 2b f9 7f 00 00
R14=0x0000000000000050 is an unknown value
R15=0x0000000000000020 is an unknown value


Top of Stack: (sp=0x00000086b34fb650)
0x00000086b34fb650:   0000000000000000 00000004000030f7
0x00000086b34fb660:   0000003100000031 000002387d176d60
0x00000086b34fb670:   00000000000f4b50 000002387eee7c18
0x00000086b34fb680:   00000086b34fba30 00007ff92af0e66a
0x00000086b34fb690:   0000000000000000 00007ff92b8d6e48
0x00000086b34fb6a0:   00000000000f2d10 00000000000f2d10
0x00000086b34fb6b0:   00000238200e47b0 00007ff92af4d458
0x00000086b34fb6c0:   00000086b34fba10 00000238200e2c30
0x00000086b34fb6d0:   00000238200e2c30 00000086000f42a6
0x00000086b34fb6e0:   00000238200e47b0 00000086b34fb730
0x00000086b34fb6f0:   0000000100000002 000002387f5c56a0
0x00000086b34fb700:   00000238205e0080 00007ff92adfcb6c
0x00000086b34fb710:   000002387eee5a58 000002387eee7c18
0x00000086b34fb720:   000002387eee5a58 0000000000007fd8
0x00000086b34fb730:   0000000000000000 0000000000000000
0x00000086b34fb740:   0000000000000000 0000000000000000
0x00000086b34fb750:   0000000000000000 0000000000000000
0x00000086b34fb760:   0000000000000000 0000000000000000
0x00000086b34fb770:   0000000000000000 fffffffffc000000
0x00000086b34fb780:   ffffffffffffffff 0000000a00000000
0x00000086b34fb790:   000002387b9af3f0 000002387b452e00
0x00000086b34fb7a0:   000002387b9af7d8 000002387b9af400
0x00000086b34fb7b0:   0000000000000012 000002387e39eec8
0x00000086b34fb7c0:   00000086b34fba10 00007ff92af4ca77
0x00000086b34fb7d0:   000000000000001b 000000000000163f
0x00000086b34fb7e0:   00000086b34fba10 000002387e39eec8
0x00000086b34fb7f0:   00007ff900000012 00007ff92af69ce2
0x00000086b34fb800:   00000086b34fbd70 00007ff92af4cae6
0x00000086b34fb810:   00000086b34fba10 0000000000000011
0x00000086b34fb820:   00000000000003d8 00000086b34fb940
0x00000086b34fb830:   0000000000000000 00007ff92af0d23b
0x00000086b34fb840:   00000086b34fbc90 00000086b34fbd70 

Instructions: (pc=0x00007ff92b0bdf13)
0x00007ff92b0bde13:   05 e8 af 4d 52 00 b8 20 00 00 00 48 8b 04 18 48
0x00007ff92b0bde23:   8b 88 e0 04 00 00 48 8b 99 80 00 00 00 48 8b 83
0x00007ff92b0bde33:   d0 08 00 00 48 85 c0 75 0c e8 ef 09 00 00 48 8b
0x00007ff92b0bde43:   83 d0 08 00 00 48 8b 08 0f 57 c0 48 89 8b d0 08
0x00007ff92b0bde53:   00 00 0f 11 00 0f 11 40 10 48 83 c4 20 5b c3 cc
0x00007ff92b0bde63:   cc cc cc cc cc cc cc cc cc cc cc cc cc 48 89 5c
0x00007ff92b0bde73:   24 08 57 48 83 ec 20 8b da 48 8b f9 e8 6c ff ff
0x00007ff92b0bde83:   ff c1 eb 08 3b 5f 04 72 08 44 8d 43 01 44 89 47
0x00007ff92b0bde93:   04 48 8b 4f 08 48 89 04 d9 48 8b 5c 24 30 48 83
0x00007ff92b0bdea3:   c4 20 5f c3 cc cc cc cc cc cc cc cc cc 48 89 5c
0x00007ff92b0bdeb3:   24 08 48 89 6c 24 10 48 89 74 24 18 57 41 56 41
0x00007ff92b0bdec3:   57 48 83 ec 20 8b c2 48 8b f9 8b 15 e5 80 85 00
0x00007ff92b0bded3:   41 be 50 00 00 00 48 8d 34 c5 00 00 00 00 48 8b
0x00007ff92b0bdee3:   41 08 48 8b 1c 06 65 48 8b 04 25 58 00 00 00 48
0x00007ff92b0bdef3:   8b 2c d0 41 80 3c 2e 00 75 05 e8 c6 4c 52 00 41
0x00007ff92b0bdf03:   bf 20 00 00 00 49 8b 04 2f 48 8b 88 e0 04 00 00
0x00007ff92b0bdf13:   48 8b 81 80 00 00 00 48 8b 88 d0 08 00 00 48 89
0x00007ff92b0bdf23:   0b 41 80 3c 2e 00 75 05 e8 98 4c 52 00 49 8b 04
0x00007ff92b0bdf33:   2f 48 8b 6c 24 48 48 8b 88 e0 04 00 00 48 8b 81
0x00007ff92b0bdf43:   80 00 00 00 48 8d 0d fa 8e 81 00 48 89 98 d0 08
0x00007ff92b0bdf53:   00 00 48 8b 47 08 48 8b 5c 24 40 48 89 0c 06 48
0x00007ff92b0bdf63:   8b 74 24 50 48 83 c4 20 41 5f 41 5e 5f c3 cc cc
0x00007ff92b0bdf73:   cc cc cc cc cc cc cc cc cc cc cc cc cc 48 89 5c
0x00007ff92b0bdf83:   24 18 57 48 83 ec 20 81 c2 ff 00 00 00 33 db c1
0x00007ff92b0bdf93:   ea 08 48 8b f9 48 89 19 89 91 90 00 00 00 83 fa
0x00007ff92b0bdfa3:   10 77 09 48 83 c1 10 e9 a6 00 00 00 65 48 8b 04
0x00007ff92b0bdfb3:   25 58 00 00 00 8b 0d fa 7f 85 00 48 89 6c 24 30
0x00007ff92b0bdfc3:   48 89 74 24 38 48 8b 34 c8 b8 50 00 00 00 38 1c
0x00007ff92b0bdfd3:   30 75 0b e8 ed 4b 52 00 8b 97 90 00 00 00 b8 20
0x00007ff92b0bdfe3:   00 00 00 8b ea 48 c1 e5 03 48 8b 04 30 48 8b 88
0x00007ff92b0bdff3:   e0 04 00 00 48 8b 81 80 00 00 00 48 8b b0 c8 08
0x00007ff92b0be003:   00 00 48 8b c5 48 f7 d0 48 8b 4e 18 48 3b c1 73 


Stack slot to memory mapping:
stack at sp + 0 slots: 0x0 is NULL
stack at sp + 1 slots: 0x00000004000030f7 is an unknown value
stack at sp + 2 slots: 0x0000003100000031 is an unknown value
stack at sp + 3 slots: 0x000002387d176d60 points into unknown readable memory: 0x0000000000000000 | 00 00 00 00 00 00 00 00
stack at sp + 4 slots: 0x00000000000f4b50 is an unknown value
stack at sp + 5 slots: 0x000002387eee7c18 points into unknown readable memory: 0x00007ff92b683c78 | 78 3c 68 2b f9 7f 00 00
stack at sp + 6 slots: 0x00000086b34fba30 is pointing into the stack for thread: 0x000002387dd43040
stack at sp + 7 slots: 0x00007ff92af0e66a jvm.dll


---------------  P R O C E S S  ---------------

Threads class SMR info:
_java_thread_list=0x000002387d70e2f0, length=80, elements={
0x0000023854f79fb0, 0x0000023875360ef0, 0x0000023875361c80, 0x00000238753765f0,
0x000002387537aef0, 0x000002387537b7c0, 0x000002387537c090, 0x000002387537ce80,
0x0000023875384370, 0x000002387538f480, 0x000002387534e0d0, 0x000002387562adb0,
0x000002387b63c0a0, 0x000002387ab01540, 0x000002387b24ff20, 0x000002387b077770,
0x000002387b075e20, 0x000002387b078190, 0x000002387b076d50, 0x000002387b077260,
0x000002387b0786a0, 0x000002387b076840, 0x000002387b077c80, 0x000002387b078bb0,
0x000002387b075400, 0x000002387b075910, 0x000002387bbf1b50, 0x000002387bbee3a0,
0x000002387bbeedc0, 0x000002387bbefcf0, 0x000002387bbf0c20, 0x000002387bbf2060,
0x000002387bbf0200, 0x000002387bbf3ec0, 0x000002387bbf1130, 0x000002387bbf5810,
0x000002387bbf1640, 0x000002387bbf2f90, 0x000002387bbf39b0, 0x000002387bbf43d0,
0x000002387bbf48e0, 0x000002387bbf4df0, 0x000002387571f450, 0x000002387571e010,
0x000002387571ea30, 0x000002387dbf71a0, 0x000002387dbf9000, 0x000002387dbf6c90,
0x000002387dbf76b0, 0x000002387dbfbd90, 0x000002387dbf9510, 0x000002387dbfc2a0,
0x000002387dbfa950, 0x000002387dbf8af0, 0x000002387dbf7bc0, 0x000002387dbf6780,
0x000002387dbf9a20, 0x000002387dbf9f30, 0x000002387dbfc7b0, 0x000002387dbfa440,
0x000002387dbfb880, 0x000002387dbf5340, 0x000002387dbf80d0, 0x000002387dbf5850,
0x000002387dbf6270, 0x000002387dbf85e0, 0x000002387dbca3d0, 0x000002387dbc8570,
0x000002387dbc99b0, 0x000002387dbc9ec0, 0x000002387dbcb810, 0x000002387dbcd670,
0x000002387dbcadf0, 0x000002387dbc8060, 0x000002387dbcdb80, 0x000002387dbcb300,
0x000002387dbca8e0, 0x000002387dbcbd20, 0x000002387dd41b00, 0x000002387dd43040
}

Java Threads: ( => current thread )
  0x0000023854f79fb0 JavaThread "main" [_thread_in_native, id=1740, stack(0x00000086b1300000,0x00000086b1400000)]
  0x0000023875360ef0 JavaThread "Reference Handler" daemon [_thread_blocked, id=1632, stack(0x00000086b1a00000,0x00000086b1b00000)]
  0x0000023875361c80 JavaThread "Finalizer" daemon [_thread_blocked, id=13772, stack(0x00000086b1b00000,0x00000086b1c00000)]
  0x00000238753765f0 JavaThread "Signal Dispatcher" daemon [_thread_blocked, id=15948, stack(0x00000086b1c00000,0x00000086b1d00000)]
  0x000002387537aef0 JavaThread "Attach Listener" daemon [_thread_blocked, id=16220, stack(0x00000086b1d00000,0x00000086b1e00000)]
  0x000002387537b7c0 JavaThread "Service Thread" daemon [_thread_blocked, id=4112, stack(0x00000086b1e00000,0x00000086b1f00000)]
  0x000002387537c090 JavaThread "Monitor Deflation Thread" daemon [_thread_blocked, id=7588, stack(0x00000086b1f00000,0x00000086b2000000)]
  0x000002387537ce80 JavaThread "C2 CompilerThread0" daemon [_thread_blocked, id=1936, stack(0x00000086b2000000,0x00000086b2100000)]
  0x0000023875384370 JavaThread "C1 CompilerThread0" daemon [_thread_blocked, id=5488, stack(0x00000086b2100000,0x00000086b2200000)]
  0x000002387538f480 JavaThread "Sweeper thread" daemon [_thread_blocked, id=13360, stack(0x00000086b2200000,0x00000086b2300000)]
  0x000002387534e0d0 JavaThread "Common-Cleaner" daemon [_thread_blocked, id=17972, stack(0x00000086b2300000,0x00000086b2400000)]
  0x000002387562adb0 JavaThread "Notification Thread" daemon [_thread_blocked, id=11668, stack(0x00000086b2400000,0x00000086b2500000)]
  0x000002387b63c0a0 JavaThread "Daemon health stats" [_thread_blocked, id=3972, stack(0x00000086b2c00000,0x00000086b2d00000)]
  0x000002387ab01540 JavaThread "Daemon" [_thread_blocked, id=16980, stack(0x00000086b2d00000,0x00000086b2e00000)]
  0x000002387b24ff20 JavaThread "Daemon worker" [_thread_in_native, id=12008, stack(0x00000086b3000000,0x00000086b3100000)]
  0x000002387b077770 JavaThread "Cache worker for journal cache (C:\Users\Khushboo Mayur Patil\.gradle\caches\journal-1)" [_thread_blocked, id=7576, stack(0x00000086b3100000,0x00000086b3200000)]
  0x000002387b075e20 JavaThread "File lock request listener" [_thread_in_native, id=12200, stack(0x00000086b3500000,0x00000086b3600000)]
  0x000002387b078190 JavaThread "Cache worker for file hash cache (C:\Users\Khushboo Mayur Patil\.gradle\caches\8.3\fileHashes)" [_thread_blocked, id=17304, stack(0x00000086b3900000,0x00000086b3a00000)]
  0x000002387b076d50 JavaThread "File watcher server" daemon [_thread_in_native, id=18008, stack(0x00000086b3a00000,0x00000086b3b00000)]
  0x000002387b077260 JavaThread "File watcher consumer" daemon [_thread_blocked, id=2840, stack(0x00000086b3b00000,0x00000086b3c00000)]
  0x000002387b0786a0 JavaThread "Cache worker for checksums cache (D:\pe\android\.gradle\8.3\checksums)" [_thread_blocked, id=3176, stack(0x00000086b3d00000,0x00000086b3e00000)]
  0x000002387b076840 JavaThread "Cache worker for file hash cache (D:\pe\android\.gradle\8.3\fileHashes)" [_thread_blocked, id=4004, stack(0x00000086b3e00000,0x00000086b3f00000)]
  0x000002387b077c80 JavaThread "Cache worker for cache directory md-supplier (C:\Users\Khushboo Mayur Patil\.gradle\caches\8.3\md-supplier)" [_thread_blocked, id=10356, stack(0x00000086b3f00000,0x00000086b4000000)]
  0x000002387b078bb0 JavaThread "Cache worker for file content cache (C:\Users\Khushboo Mayur Patil\.gradle\caches\8.3\fileContent)" [_thread_blocked, id=3284, stack(0x00000086b4000000,0x00000086b4100000)]
  0x000002387b075400 JavaThread "Cache worker for cache directory md-rule (C:\Users\Khushboo Mayur Patil\.gradle\caches\8.3\md-rule)" [_thread_blocked, id=6424, stack(0x00000086b4100000,0x00000086b4200000)]
  0x000002387b075910 JavaThread "Cache worker for execution history cache (C:\Users\Khushboo Mayur Patil\.gradle\caches\8.3\executionHistory)" [_thread_blocked, id=8652, stack(0x00000086b4200000,0x00000086b4300000)]
  0x000002387bbf1b50 JavaThread "jar transforms" [_thread_blocked, id=18000, stack(0x00000086b4300000,0x00000086b4400000)]
  0x000002387bbee3a0 JavaThread "jar transforms Thread 2" [_thread_blocked, id=18072, stack(0x00000086b4500000,0x00000086b4600000)]
  0x000002387bbeedc0 JavaThread "jar transforms Thread 3" [_thread_blocked, id=15828, stack(0x00000086b4400000,0x00000086b4500000)]
  0x000002387bbefcf0 JavaThread "jar transforms Thread 4" [_thread_blocked, id=2652, stack(0x00000086b4600000,0x00000086b4700000)]
  0x000002387bbf0c20 JavaThread "jar transforms Thread 5" [_thread_blocked, id=12988, stack(0x00000086b4800000,0x00000086b4900000)]
  0x000002387bbf2060 JavaThread "jar transforms Thread 6" [_thread_blocked, id=9924, stack(0x00000086b4700000,0x00000086b4800000)]
  0x000002387bbf0200 JavaThread "Cache worker for kotlin-dsl (C:\Users\Khushboo Mayur Patil\.gradle\caches\8.3\kotlin-dsl)" [_thread_blocked, id=19392, stack(0x00000086b1000000,0x00000086b1100000)]
  0x000002387bbf3ec0 JavaThread "jar transforms Thread 7" [_thread_blocked, id=13644, stack(0x00000086b1200000,0x00000086b1300000)]
  0x000002387bbf1130 JavaThread "jar transforms Thread 8" [_thread_blocked, id=16944, stack(0x00000086b3300000,0x00000086b3400000)]
  0x000002387bbf5810 JavaThread "Unconstrained build operations" [_thread_blocked, id=18868, stack(0x00000086b4b00000,0x00000086b4c00000)]
  0x000002387bbf1640 JavaThread "Unconstrained build operations Thread 2" [_thread_blocked, id=10044, stack(0x00000086b4c00000,0x00000086b4d00000)]
  0x000002387bbf2f90 JavaThread "Cache worker for dependencies-accessors (D:\pe\android\.gradle\8.3\dependencies-accessors)" [_thread_blocked, id=4736, stack(0x00000086b4d00000,0x00000086b4e00000)]
  0x000002387bbf39b0 JavaThread "Cache worker for Build Output Cleanup Cache (D:\pe\node_modules\@react-native\gradle-plugin\.gradle\buildOutputCleanup)" [_thread_blocked, id=18640, stack(0x00000086b4e00000,0x00000086b4f00000)]
  0x000002387bbf43d0 JavaThread "Unconstrained build operations Thread 3" [_thread_blocked, id=18552, stack(0x00000086b4f00000,0x00000086b5000000)]
  0x000002387bbf48e0 JavaThread "Unconstrained build operations Thread 4" [_thread_blocked, id=18548, stack(0x00000086b5000000,0x00000086b5100000)]
  0x000002387bbf4df0 JavaThread "Unconstrained build operations Thread 5" [_thread_blocked, id=18960, stack(0x00000086b5100000,0x00000086b5200000)]
  0x000002387571f450 JavaThread "Unconstrained build operations Thread 6" [_thread_blocked, id=19080, stack(0x00000086b5200000,0x00000086b5300000)]
  0x000002387571e010 JavaThread "Unconstrained build operations Thread 7" [_thread_blocked, id=17688, stack(0x00000086b5300000,0x00000086b5400000)]
  0x000002387571ea30 JavaThread "Unconstrained build operations Thread 8" [_thread_blocked, id=19088, stack(0x00000086b5400000,0x00000086b5500000)]
  0x000002387dbf71a0 JavaThread "Unconstrained build operations Thread 9" [_thread_blocked, id=268, stack(0x00000086b5500000,0x00000086b5600000)]
  0x000002387dbf9000 JavaThread "Memory manager" [_thread_blocked, id=5888, stack(0x00000086b5600000,0x00000086b5700000)]
  0x000002387dbf6c90 JavaThread "Cache worker for Build Output Cleanup Cache (D:\pe\android\.gradle\buildOutputCleanup)" [_thread_blocked, id=8740, stack(0x00000086b5800000,0x00000086b5900000)]
  0x000002387dbf76b0 JavaThread "ForkJoinPool.commonPool-worker-1" daemon [_thread_blocked, id=6580, stack(0x00000086b5900000,0x00000086b5a00000)]
  0x000002387dbfbd90 JavaThread "ForkJoinPool.commonPool-worker-2" daemon [_thread_blocked, id=16248, stack(0x00000086b5a00000,0x00000086b5b00000)]
  0x000002387dbf9510 JavaThread "ForkJoinPool.commonPool-worker-3" daemon [_thread_blocked, id=16728, stack(0x00000086b5b00000,0x00000086b5c00000)]
  0x000002387dbfc2a0 JavaThread "ForkJoinPool.commonPool-worker-4" daemon [_thread_blocked, id=16612, stack(0x00000086b5c00000,0x00000086b5d00000)]
  0x000002387dbfa950 JavaThread "ForkJoinPool.commonPool-worker-5" daemon [_thread_blocked, id=19376, stack(0x00000086b5d00000,0x00000086b5e00000)]
  0x000002387dbf8af0 JavaThread "ForkJoinPool.commonPool-worker-6" daemon [_thread_blocked, id=18200, stack(0x00000086b5e00000,0x00000086b5f00000)]
  0x000002387dbf7bc0 JavaThread "Execution worker" [_thread_blocked, id=6464, stack(0x00000086b6000000,0x00000086b6100000)]
  0x000002387dbf6780 JavaThread "Execution worker Thread 2" [_thread_blocked, id=19192, stack(0x00000086b6100000,0x00000086b6200000)]
  0x000002387dbf9a20 JavaThread "Execution worker Thread 3" [_thread_blocked, id=19188, stack(0x00000086b6200000,0x00000086b6300000)]
  0x000002387dbf9f30 JavaThread "Execution worker Thread 4" [_thread_blocked, id=18644, stack(0x00000086b6300000,0x00000086b6400000)]
  0x000002387dbfc7b0 JavaThread "Execution worker Thread 5" [_thread_blocked, id=3372, stack(0x00000086b6400000,0x00000086b6500000)]
  0x000002387dbfa440 JavaThread "Execution worker Thread 6" [_thread_blocked, id=19332, stack(0x00000086b6500000,0x00000086b6600000)]
  0x000002387dbfb880 JavaThread "Execution worker Thread 7" [_thread_blocked, id=15552, stack(0x00000086b6600000,0x00000086b6700000)]
  0x000002387dbf5340 JavaThread "Cache worker for execution history cache (D:\pe\node_modules\@react-native\gradle-plugin\.gradle\8.3\executionHistory)" [_thread_blocked, id=19216, stack(0x00000086b6700000,0x00000086b6800000)]
  0x000002387dbf80d0 JavaThread "Unconstrained build operations Thread 10" [_thread_blocked, id=19276, stack(0x00000086b6800000,0x00000086b6900000)]
  0x000002387dbf5850 JavaThread "Unconstrained build operations Thread 11" [_thread_blocked, id=19336, stack(0x00000086b6900000,0x00000086b6a00000)]
  0x000002387dbf6270 JavaThread "Unconstrained build operations Thread 12" [_thread_blocked, id=19340, stack(0x00000086b6a00000,0x00000086b6b00000)]
  0x000002387dbf85e0 JavaThread "Unconstrained build operations Thread 13" [_thread_blocked, id=19388, stack(0x00000086b6b00000,0x00000086b6c00000)]
  0x000002387dbca3d0 JavaThread "Unconstrained build operations Thread 14" [_thread_blocked, id=19032, stack(0x00000086b6c00000,0x00000086b6d00000)]
  0x000002387dbc8570 JavaThread "Unconstrained build operations Thread 15" [_thread_blocked, id=18908, stack(0x00000086b6d00000,0x00000086b6e00000)]
  0x000002387dbc99b0 JavaThread "Unconstrained build operations Thread 16" [_thread_blocked, id=18904, stack(0x00000086b6e00000,0x00000086b6f00000)]
  0x000002387dbc9ec0 JavaThread "Unconstrained build operations Thread 17" [_thread_blocked, id=18920, stack(0x00000086b6f00000,0x00000086b7000000)]
  0x000002387dbcb810 JavaThread "Unconstrained build operations Thread 18" [_thread_blocked, id=18896, stack(0x00000086b7000000,0x00000086b7100000)]
  0x000002387dbcd670 JavaThread "Unconstrained build operations Thread 19" [_thread_blocked, id=19436, stack(0x00000086b1100000,0x00000086b1200000)]
  0x000002387dbcadf0 JavaThread "Unconstrained build operations Thread 20" [_thread_blocked, id=14520, stack(0x00000086b7100000,0x00000086b7200000)]
  0x000002387dbc8060 JavaThread "Unconstrained build operations Thread 21" [_thread_blocked, id=18392, stack(0x00000086b7200000,0x00000086b7300000)]
  0x000002387dbcdb80 JavaThread "Unconstrained build operations Thread 22" [_thread_blocked, id=18396, stack(0x00000086b7300000,0x00000086b7400000)]
  0x000002387dbcb300 JavaThread "Unconstrained build operations Thread 23" [_thread_blocked, id=18400, stack(0x00000086b7400000,0x00000086b7500000)]
  0x000002387dbca8e0 JavaThread "Unconstrained build operations Thread 24" [_thread_blocked, id=1660, stack(0x00000086b7500000,0x00000086b7600000)]
  0x000002387dbcbd20 JavaThread "Unconstrained build operations Thread 25" [_thread_blocked, id=18368, stack(0x00000086b7600000,0x00000086b7700000)]
  0x000002387dd41b00 JavaThread "C2 CompilerThread1" daemon [_thread_in_native, id=19084, stack(0x00000086b3200000,0x00000086b3300000)]
=>0x000002387dd43040 JavaThread "C2 CompilerThread2" daemon [_thread_in_native, id=11508, stack(0x00000086b3400000,0x00000086b3500000)]

Other Threads:
  0x000002387535ab00 VMThread "VM Thread" [stack: 0x00000086b1900000,0x00000086b1a00000] [id=13304]
  0x00000238756fd550 WatcherThread [stack: 0x00000086b2500000,0x00000086b2600000] [id=12628]
  0x0000023854fd6080 GCTaskThread "GC Thread#0" [stack: 0x00000086b1400000,0x00000086b1500000] [id=17940]
  0x000002387a527fa0 GCTaskThread "GC Thread#1" [stack: 0x00000086b2700000,0x00000086b2800000] [id=18376]
  0x000002387a3aa5e0 GCTaskThread "GC Thread#2" [stack: 0x00000086b2800000,0x00000086b2900000] [id=17924]
  0x000002387aa09a00 GCTaskThread "GC Thread#3" [stack: 0x00000086b2900000,0x00000086b2a00000] [id=6944]
  0x000002387a7f9330 GCTaskThread "GC Thread#4" [stack: 0x00000086b2600000,0x00000086b2700000] [id=16680]
  0x000002387c97d6e0 GCTaskThread "GC Thread#5" [stack: 0x00000086b3600000,0x00000086b3700000] [id=5832]
  0x000002387aee6630 GCTaskThread "GC Thread#6" [stack: 0x00000086b3700000,0x00000086b3800000] [id=10012]
  0x000002387b00c840 GCTaskThread "GC Thread#7" [stack: 0x00000086b3800000,0x00000086b3900000] [id=15496]
  0x0000023854fe6ee0 ConcurrentGCThread "G1 Main Marker" [stack: 0x00000086b1500000,0x00000086b1600000] [id=16320]
  0x0000023854fe7810 ConcurrentGCThread "G1 Conc#0" [stack: 0x00000086b1600000,0x00000086b1700000] [id=15736]
  0x000002387c463b30 ConcurrentGCThread "G1 Conc#1" [stack: 0x00000086b3c00000,0x00000086b3d00000] [id=13324]
  0x00000238752140e0 ConcurrentGCThread "G1 Refine#0" [stack: 0x00000086b1700000,0x00000086b1800000] [id=14944]
  0x0000023875214a20 ConcurrentGCThread "G1 Service" [stack: 0x00000086b1800000,0x00000086b1900000] [id=2244]

Threads with active compile tasks:
C2 CompilerThread1   272562 10598   !   4       com.google.common.collect.MapMakerInternalMap$Segment::put (298 bytes)
C2 CompilerThread2   272562 10481       4       java.beans.MethodRef::set (58 bytes)

VM state: not at safepoint (normal execution)

VM Mutex/Monitor currently owned by a thread: None

Heap address: 0x0000000080000000, size: 2048 MB, Compressed Oops mode: 32-bit

CDS archive(s) mapped at: [0x0000023800000000-0x0000023800bb0000-0x0000023800bb0000), size 12255232, SharedBaseAddress: 0x0000023800000000, ArchiveRelocationMode: 1.
Compressed class space mapped at: 0x0000023801000000-0x000002381b000000, reserved size: 436207616
Narrow klass base: 0x0000023800000000, Narrow klass shift: 0, Narrow klass range: 0x100000000

GC Precious Log:
 CPUs: 8 total, 8 available
 Memory: 8107M
 Large Page Support: Disabled
 NUMA Support: Disabled
 Compressed Oops: Enabled (32-bit)
 Heap Region Size: 1M
 Heap Min Capacity: 8M
 Heap Initial Capacity: 128M
 Heap Max Capacity: 2G
 Pre-touch: Disabled
 Parallel Workers: 8
 Concurrent Workers: 2
 Concurrent Refinement Workers: 8
 Periodic GC: Disabled

Heap:
 garbage-first heap   total 236544K, used 145173K [0x0000000080000000, 0x0000000100000000)
  region size 1024K, 55 young (56320K), 4 survivors (4096K)
 Metaspace       used 85101K, committed 85952K, reserved 557056K
  class space    used 11823K, committed 12224K, reserved 425984K

Heap Regions: E=young(eden), S=young(survivor), O=old, HS=humongous(starts), HC=humongous(continues), CS=collection set, F=free, OA=open archive, CA=closed archive, TAMS=top-at-mark-start (previous, next)
|   0|0x0000000080000000, 0x0000000080100000, 0x0000000080100000|100%|HS|  |TAMS 0x0000000080100000, 0x0000000080000000| Complete 
|   1|0x0000000080100000, 0x0000000080200000, 0x0000000080200000|100%|HC|  |TAMS 0x0000000080200000, 0x0000000080100000| Complete 
|   2|0x0000000080200000, 0x0000000080300000, 0x0000000080300000|100%|HC|  |TAMS 0x0000000080300000, 0x0000000080200000| Complete 
|   3|0x0000000080300000, 0x0000000080400000, 0x0000000080400000|100%|HC|  |TAMS 0x0000000080400000, 0x0000000080300000| Complete 
|   4|0x0000000080400000, 0x0000000080500000, 0x0000000080500000|100%| O|  |TAMS 0x0000000080500000, 0x0000000080400000| Untracked 
|   5|0x0000000080500000, 0x0000000080600000, 0x0000000080600000|100%| O|  |TAMS 0x0000000080600000, 0x0000000080500000| Untracked 
|   6|0x0000000080600000, 0x0000000080700000, 0x0000000080700000|100%| O|  |TAMS 0x0000000080700000, 0x0000000080600000| Untracked 
|   7|0x0000000080700000, 0x0000000080800000, 0x0000000080800000|100%| O|  |TAMS 0x0000000080800000, 0x0000000080700000| Untracked 
|   8|0x0000000080800000, 0x0000000080900000, 0x0000000080900000|100%| O|  |TAMS 0x0000000080900000, 0x0000000080800000| Untracked 
|   9|0x0000000080900000, 0x0000000080a00000, 0x0000000080a00000|100%| O|  |TAMS 0x0000000080a00000, 0x0000000080900000| Untracked 
|  10|0x0000000080a00000, 0x0000000080b00000, 0x0000000080b00000|100%| O|  |TAMS 0x0000000080b00000, 0x0000000080a00000| Untracked 
|  11|0x0000000080b00000, 0x0000000080c00000, 0x0000000080c00000|100%| O|  |TAMS 0x0000000080c00000, 0x0000000080b00000| Untracked 
|  12|0x0000000080c00000, 0x0000000080d00000, 0x0000000080d00000|100%| O|  |TAMS 0x0000000080d00000, 0x0000000080c00000| Untracked 
|  13|0x0000000080d00000, 0x0000000080e00000, 0x0000000080e00000|100%| O|  |TAMS 0x0000000080e00000, 0x0000000080d00000| Untracked 
|  14|0x0000000080e00000, 0x0000000080f00000, 0x0000000080f00000|100%| O|  |TAMS 0x0000000080f00000, 0x0000000080e00000| Untracked 
|  15|0x0000000080f00000, 0x0000000081000000, 0x0000000081000000|100%| O|  |TAMS 0x0000000081000000, 0x0000000080f00000| Untracked 
|  16|0x0000000081000000, 0x0000000081100000, 0x0000000081100000|100%| O|  |TAMS 0x0000000081100000, 0x0000000081000000| Untracked 
|  17|0x0000000081100000, 0x0000000081200000, 0x0000000081200000|100%| O|  |TAMS 0x0000000081200000, 0x0000000081100000| Untracked 
|  18|0x0000000081200000, 0x0000000081300000, 0x0000000081300000|100%| O|  |TAMS 0x0000000081300000, 0x0000000081200000| Untracked 
|  19|0x0000000081300000, 0x0000000081400000, 0x0000000081400000|100%| O|  |TAMS 0x0000000081400000, 0x0000000081300000| Untracked 
|  20|0x0000000081400000, 0x0000000081500000, 0x0000000081500000|100%| O|  |TAMS 0x0000000081400000, 0x0000000081400000| Untracked 
|  21|0x0000000081500000, 0x0000000081600000, 0x0000000081600000|100%| O|  |TAMS 0x0000000081600000, 0x0000000081500000| Untracked 
|  22|0x0000000081600000, 0x0000000081700000, 0x0000000081700000|100%| O|  |TAMS 0x0000000081700000, 0x0000000081600000| Untracked 
|  23|0x0000000081700000, 0x0000000081800000, 0x0000000081800000|100%| O|  |TAMS 0x0000000081700000, 0x0000000081700000| Untracked 
|  24|0x0000000081800000, 0x0000000081900000, 0x0000000081900000|100%| O|  |TAMS 0x0000000081900000, 0x0000000081800000| Untracked 
|  25|0x0000000081900000, 0x0000000081a00000, 0x0000000081a00000|100%| O|  |TAMS 0x0000000081a00000, 0x0000000081900000| Untracked 
|  26|0x0000000081a00000, 0x0000000081b00000, 0x0000000081b00000|100%| O|  |TAMS 0x0000000081b00000, 0x0000000081a00000| Untracked 
|  27|0x0000000081b00000, 0x0000000081c00000, 0x0000000081c00000|100%| O|  |TAMS 0x0000000081c00000, 0x0000000081b00000| Untracked 
|  28|0x0000000081c00000, 0x0000000081d00000, 0x0000000081d00000|100%| O|  |TAMS 0x0000000081d00000, 0x0000000081c00000| Untracked 
|  29|0x0000000081d00000, 0x0000000081e00000, 0x0000000081e00000|100%| O|  |TAMS 0x0000000081e00000, 0x0000000081d00000| Untracked 
|  30|0x0000000081e00000, 0x0000000081f00000, 0x0000000081f00000|100%| O|  |TAMS 0x0000000081f00000, 0x0000000081e00000| Untracked 
|  31|0x0000000081f00000, 0x0000000082000000, 0x0000000082000000|100%| O|  |TAMS 0x0000000082000000, 0x0000000081f00000| Untracked 
|  32|0x0000000082000000, 0x0000000082100000, 0x0000000082100000|100%| O|  |TAMS 0x0000000082100000, 0x0000000082000000| Untracked 
|  33|0x0000000082100000, 0x0000000082200000, 0x0000000082200000|100%| O|  |TAMS 0x0000000082200000, 0x0000000082100000| Untracked 
|  34|0x0000000082200000, 0x0000000082300000, 0x0000000082300000|100%| O|  |TAMS 0x0000000082300000, 0x0000000082200000| Untracked 
|  35|0x0000000082300000, 0x0000000082400000, 0x0000000082400000|100%| O|  |TAMS 0x0000000082400000, 0x0000000082300000| Untracked 
|  36|0x0000000082400000, 0x0000000082500000, 0x0000000082500000|100%| O|  |TAMS 0x0000000082500000, 0x0000000082400000| Untracked 
|  37|0x0000000082500000, 0x0000000082600000, 0x0000000082600000|100%| O|  |TAMS 0x0000000082600000, 0x0000000082500000| Untracked 
|  38|0x0000000082600000, 0x0000000082700000, 0x0000000082700000|100%| O|  |TAMS 0x0000000082700000, 0x0000000082600000| Untracked 
|  39|0x0000000082700000, 0x0000000082800000, 0x0000000082800000|100%| O|  |TAMS 0x0000000082800000, 0x0000000082700000| Untracked 
|  40|0x0000000082800000, 0x0000000082900000, 0x0000000082900000|100%| O|  |TAMS 0x0000000082900000, 0x0000000082800000| Untracked 
|  41|0x0000000082900000, 0x0000000082a00000, 0x0000000082a00000|100%| O|  |TAMS 0x0000000082a00000, 0x0000000082900000| Untracked 
|  42|0x0000000082a00000, 0x0000000082b00000, 0x0000000082b00000|100%|HS|  |TAMS 0x0000000082b00000, 0x0000000082a00000| Complete 
|  43|0x0000000082b00000, 0x0000000082c00000, 0x0000000082c00000|100%|HC|  |TAMS 0x0000000082c00000, 0x0000000082b00000| Complete 
|  44|0x0000000082c00000, 0x0000000082d00000, 0x0000000082d00000|100%|HS|  |TAMS 0x0000000082d00000, 0x0000000082c00000| Complete 
|  45|0x0000000082d00000, 0x0000000082e00000, 0x0000000082e00000|100%|HC|  |TAMS 0x0000000082e00000, 0x0000000082d00000| Complete 
|  46|0x0000000082e00000, 0x0000000082f00000, 0x0000000082f00000|100%|HS|  |TAMS 0x0000000082f00000, 0x0000000082e00000| Complete 
|  47|0x0000000082f00000, 0x0000000083000000, 0x0000000083000000|100%|HC|  |TAMS 0x0000000083000000, 0x0000000082f00000| Complete 
|  48|0x0000000083000000, 0x0000000083100000, 0x0000000083100000|100%|HC|  |TAMS 0x0000000083100000, 0x0000000083000000| Complete 
|  49|0x0000000083100000, 0x0000000083200000, 0x0000000083200000|100%|HC|  |TAMS 0x0000000083200000, 0x0000000083100000| Complete 
|  50|0x0000000083200000, 0x0000000083300000, 0x0000000083300000|100%| O|  |TAMS 0x0000000083300000, 0x0000000083200000| Untracked 
|  51|0x0000000083300000, 0x0000000083400000, 0x0000000083400000|100%| O|  |TAMS 0x0000000083400000, 0x0000000083300000| Untracked 
|  52|0x0000000083400000, 0x0000000083500000, 0x0000000083500000|100%| O|  |TAMS 0x0000000083500000, 0x0000000083400000| Untracked 
|  53|0x0000000083500000, 0x0000000083600000, 0x0000000083600000|100%| O|  |TAMS 0x0000000083600000, 0x0000000083500000| Untracked 
|  54|0x0000000083600000, 0x0000000083700000, 0x0000000083700000|100%|HS|  |TAMS 0x0000000083700000, 0x0000000083600000| Complete 
|  55|0x0000000083700000, 0x0000000083800000, 0x0000000083800000|100%|HC|  |TAMS 0x0000000083800000, 0x0000000083700000| Complete 
|  56|0x0000000083800000, 0x0000000083900000, 0x0000000083900000|100%|HC|  |TAMS 0x0000000083900000, 0x0000000083800000| Complete 
|  57|0x0000000083900000, 0x0000000083a00000, 0x0000000083a00000|100%|HC|  |TAMS 0x0000000083a00000, 0x0000000083900000| Complete 
|  58|0x0000000083a00000, 0x0000000083b00000, 0x0000000083b00000|100%| O|  |TAMS 0x0000000083b00000, 0x0000000083a00000| Untracked 
|  59|0x0000000083b00000, 0x0000000083c00000, 0x0000000083c00000|100%| O|  |TAMS 0x0000000083c00000, 0x0000000083b00000| Untracked 
|  60|0x0000000083c00000, 0x0000000083d00000, 0x0000000083d00000|100%| O|  |TAMS 0x0000000083d00000, 0x0000000083c00000| Untracked 
|  61|0x0000000083d00000, 0x0000000083e00000, 0x0000000083e00000|100%| O|  |TAMS 0x0000000083e00000, 0x0000000083d00000| Untracked 
|  62|0x0000000083e00000, 0x0000000083f00000, 0x0000000083f00000|100%| O|  |TAMS 0x0000000083f00000, 0x0000000083e00000| Untracked 
|  63|0x0000000083f00000, 0x0000000084000000, 0x0000000084000000|100%| O|  |TAMS 0x0000000084000000, 0x0000000083f00000| Untracked 
|  64|0x0000000084000000, 0x0000000084100000, 0x0000000084100000|100%| O|  |TAMS 0x0000000084100000, 0x0000000084000000| Untracked 
|  65|0x0000000084100000, 0x0000000084200000, 0x0000000084200000|100%| O|  |TAMS 0x0000000084200000, 0x0000000084100000| Untracked 
|  66|0x0000000084200000, 0x0000000084300000, 0x0000000084300000|100%| O|  |TAMS 0x0000000084300000, 0x0000000084200000| Untracked 
|  67|0x0000000084300000, 0x0000000084400000, 0x0000000084400000|100%| O|  |TAMS 0x0000000084400000, 0x0000000084300000| Untracked 
|  68|0x0000000084400000, 0x0000000084500000, 0x0000000084500000|100%|HS|  |TAMS 0x0000000084500000, 0x0000000084400000| Complete 
|  69|0x0000000084500000, 0x0000000084600000, 0x0000000084600000|100%|HS|  |TAMS 0x0000000084600000, 0x0000000084500000| Complete 
|  70|0x0000000084600000, 0x0000000084700000, 0x0000000084700000|100%|HS|  |TAMS 0x0000000084700000, 0x0000000084600000| Complete 
|  71|0x0000000084700000, 0x0000000084800000, 0x0000000084800000|100%| O|  |TAMS 0x0000000084800000, 0x0000000084700000| Untracked 
|  72|0x0000000084800000, 0x0000000084900000, 0x0000000084900000|100%|HS|  |TAMS 0x0000000084900000, 0x0000000084800000| Complete 
|  73|0x0000000084900000, 0x0000000084a00000, 0x0000000084a00000|100%| O|  |TAMS 0x0000000084a00000, 0x0000000084900000| Untracked 
|  74|0x0000000084a00000, 0x0000000084b00000, 0x0000000084b00000|100%| O|  |TAMS 0x0000000084b00000, 0x0000000084a00000| Untracked 
|  75|0x0000000084b00000, 0x0000000084c00000, 0x0000000084c00000|100%| O|  |TAMS 0x0000000084c00000, 0x0000000084b00000| Untracked 
|  76|0x0000000084c00000, 0x0000000084d00000, 0x0000000084d00000|100%| O|  |TAMS 0x0000000084d00000, 0x0000000084c00000| Untracked 
|  77|0x0000000084d00000, 0x0000000084e00000, 0x0000000084e00000|100%| O|  |TAMS 0x0000000084e00000, 0x0000000084d00000| Untracked 
|  78|0x0000000084e00000, 0x0000000084f00000, 0x0000000084f00000|100%| O|  |TAMS 0x0000000084f00000, 0x0000000084e00000| Untracked 
|  79|0x0000000084f00000, 0x0000000085000000, 0x0000000085000000|100%| O|  |TAMS 0x0000000085000000, 0x0000000084f00000| Untracked 
|  80|0x0000000085000000, 0x0000000085100000, 0x0000000085100000|100%| O|  |TAMS 0x0000000085100000, 0x0000000085000000| Untracked 
|  81|0x0000000085100000, 0x0000000085200000, 0x0000000085200000|100%| O|  |TAMS 0x0000000085200000, 0x0000000085100000| Untracked 
|  82|0x0000000085200000, 0x0000000085300000, 0x0000000085300000|100%| O|  |TAMS 0x0000000085300000, 0x0000000085200000| Untracked 
|  83|0x0000000085300000, 0x00000000853b5a00, 0x0000000085400000| 70%| O|  |TAMS 0x0000000085300000, 0x0000000085300000| Untracked 
|  84|0x0000000085400000, 0x0000000085400000, 0x0000000085500000|  0%| F|  |TAMS 0x0000000085400000, 0x0000000085400000| Untracked 
|  85|0x0000000085500000, 0x0000000085500000, 0x0000000085600000|  0%| F|  |TAMS 0x0000000085500000, 0x0000000085500000| Untracked 
|  86|0x0000000085600000, 0x0000000085700000, 0x0000000085700000|100%| O|  |TAMS 0x0000000085700000, 0x0000000085600000| Untracked 
|  87|0x0000000085700000, 0x0000000085800000, 0x0000000085800000|100%| O|  |TAMS 0x0000000085800000, 0x0000000085700000| Untracked 
|  88|0x0000000085800000, 0x0000000085900000, 0x0000000085900000|100%| O|  |TAMS 0x0000000085900000, 0x0000000085800000| Untracked 
|  89|0x0000000085900000, 0x0000000085900000, 0x0000000085a00000|  0%| F|  |TAMS 0x0000000085900000, 0x0000000085900000| Untracked 
|  90|0x0000000085a00000, 0x0000000085b00000, 0x0000000085b00000|100%| O|  |TAMS 0x0000000085b00000, 0x0000000085a00000| Untracked 
|  91|0x0000000085b00000, 0x0000000085c00000, 0x0000000085c00000|100%| O|  |TAMS 0x0000000085b82c00, 0x0000000085b00000| Untracked 
|  92|0x0000000085c00000, 0x0000000085c00000, 0x0000000085d00000|  0%| F|  |TAMS 0x0000000085c00000, 0x0000000085c00000| Untracked 
|  93|0x0000000085d00000, 0x0000000085d00000, 0x0000000085e00000|  0%| F|  |TAMS 0x0000000085d00000, 0x0000000085d00000| Untracked 
|  94|0x0000000085e00000, 0x0000000085e00000, 0x0000000085f00000|  0%| F|  |TAMS 0x0000000085e00000, 0x0000000085e00000| Untracked 
|  95|0x0000000085f00000, 0x0000000085f00000, 0x0000000086000000|  0%| F|  |TAMS 0x0000000085f00000, 0x0000000085f00000| Untracked 
|  96|0x0000000086000000, 0x0000000086000000, 0x0000000086100000|  0%| F|  |TAMS 0x0000000086000000, 0x0000000086000000| Untracked 
|  97|0x0000000086100000, 0x0000000086100000, 0x0000000086200000|  0%| F|  |TAMS 0x0000000086100000, 0x0000000086100000| Untracked 
|  98|0x0000000086200000, 0x0000000086200000, 0x0000000086300000|  0%| F|  |TAMS 0x0000000086200000, 0x0000000086200000| Untracked 
|  99|0x0000000086300000, 0x0000000086300000, 0x0000000086400000|  0%| F|  |TAMS 0x0000000086300000, 0x0000000086300000| Untracked 
| 100|0x0000000086400000, 0x0000000086400000, 0x0000000086500000|  0%| F|  |TAMS 0x0000000086400000, 0x0000000086400000| Untracked 
| 101|0x0000000086500000, 0x0000000086500000, 0x0000000086600000|  0%| F|  |TAMS 0x0000000086500000, 0x0000000086500000| Untracked 
| 102|0x0000000086600000, 0x0000000086600000, 0x0000000086700000|  0%| F|  |TAMS 0x0000000086600000, 0x0000000086600000| Untracked 
| 103|0x0000000086700000, 0x0000000086700000, 0x0000000086800000|  0%| F|  |TAMS 0x0000000086700000, 0x0000000086700000| Untracked 
| 104|0x0000000086800000, 0x0000000086800000, 0x0000000086900000|  0%| F|  |TAMS 0x0000000086800000, 0x0000000086800000| Untracked 
| 105|0x0000000086900000, 0x0000000086900000, 0x0000000086a00000|  0%| F|  |TAMS 0x0000000086900000, 0x0000000086900000| Untracked 
| 106|0x0000000086a00000, 0x0000000086a00000, 0x0000000086b00000|  0%| F|  |TAMS 0x0000000086a00000, 0x0000000086a00000| Untracked 
| 107|0x0000000086b00000, 0x0000000086b00000, 0x0000000086c00000|  0%| F|  |TAMS 0x0000000086b00000, 0x0000000086b00000| Untracked 
| 108|0x0000000086c00000, 0x0000000086c00000, 0x0000000086d00000|  0%| F|  |TAMS 0x0000000086c00000, 0x0000000086c00000| Untracked 
| 109|0x0000000086d00000, 0x0000000086d00000, 0x0000000086e00000|  0%| F|  |TAMS 0x0000000086d00000, 0x0000000086d00000| Untracked 
| 110|0x0000000086e00000, 0x0000000086e00000, 0x0000000086f00000|  0%| F|  |TAMS 0x0000000086e00000, 0x0000000086e00000| Untracked 
| 111|0x0000000086f00000, 0x0000000086f00000, 0x0000000087000000|  0%| F|  |TAMS 0x0000000086f00000, 0x0000000086f00000| Untracked 
| 112|0x0000000087000000, 0x0000000087000000, 0x0000000087100000|  0%| F|  |TAMS 0x0000000087000000, 0x0000000087000000| Untracked 
| 113|0x0000000087100000, 0x0000000087100000, 0x0000000087200000|  0%| F|  |TAMS 0x0000000087100000, 0x0000000087100000| Untracked 
| 114|0x0000000087200000, 0x0000000087200000, 0x0000000087300000|  0%| F|  |TAMS 0x0000000087200000, 0x0000000087200000| Untracked 
| 115|0x0000000087300000, 0x0000000087300000, 0x0000000087400000|  0%| F|  |TAMS 0x0000000087300000, 0x0000000087300000| Untracked 
| 116|0x0000000087400000, 0x0000000087400000, 0x0000000087500000|  0%| F|  |TAMS 0x0000000087400000, 0x0000000087400000| Untracked 
| 117|0x0000000087500000, 0x0000000087500000, 0x0000000087600000|  0%| F|  |TAMS 0x0000000087500000, 0x0000000087500000| Untracked 
| 118|0x0000000087600000, 0x000000008760faf8, 0x0000000087700000|  6%| S|CS|TAMS 0x0000000087600000, 0x0000000087600000| Complete 
| 119|0x0000000087700000, 0x0000000087800000, 0x0000000087800000|100%| S|CS|TAMS 0x0000000087700000, 0x0000000087700000| Complete 
| 120|0x0000000087800000, 0x0000000087900000, 0x0000000087900000|100%| S|CS|TAMS 0x0000000087800000, 0x0000000087800000| Complete 
| 121|0x0000000087900000, 0x0000000087a00000, 0x0000000087a00000|100%| S|CS|TAMS 0x0000000087900000, 0x0000000087900000| Complete 
| 122|0x0000000087a00000, 0x0000000087a00000, 0x0000000087b00000|  0%| F|  |TAMS 0x0000000087a00000, 0x0000000087a00000| Untracked 
| 123|0x0000000087b00000, 0x0000000087b00000, 0x0000000087c00000|  0%| F|  |TAMS 0x0000000087b00000, 0x0000000087b00000| Untracked 
| 124|0x0000000087c00000, 0x0000000087c00000, 0x0000000087d00000|  0%| F|  |TAMS 0x0000000087c00000, 0x0000000087c00000| Untracked 
| 125|0x0000000087d00000, 0x0000000087d00000, 0x0000000087e00000|  0%| F|  |TAMS 0x0000000087d00000, 0x0000000087d00000| Untracked 
| 126|0x0000000087e00000, 0x0000000087e00000, 0x0000000087f00000|  0%| F|  |TAMS 0x0000000087e00000, 0x0000000087e00000| Untracked 
| 127|0x0000000087f00000, 0x0000000087f00000, 0x0000000088000000|  0%| F|  |TAMS 0x0000000087f00000, 0x0000000087f00000| Untracked 
| 128|0x0000000088000000, 0x0000000088000000, 0x0000000088100000|  0%| F|  |TAMS 0x0000000088000000, 0x0000000088000000| Untracked 
| 129|0x0000000088100000, 0x0000000088100000, 0x0000000088200000|  0%| F|  |TAMS 0x0000000088100000, 0x0000000088100000| Untracked 
| 130|0x0000000088200000, 0x0000000088200000, 0x0000000088300000|  0%| F|  |TAMS 0x0000000088200000, 0x0000000088200000| Untracked 
| 131|0x0000000088300000, 0x0000000088300000, 0x0000000088400000|  0%| F|  |TAMS 0x0000000088300000, 0x0000000088300000| Untracked 
| 132|0x0000000088400000, 0x0000000088400000, 0x0000000088500000|  0%| F|  |TAMS 0x0000000088400000, 0x0000000088400000| Untracked 
| 133|0x0000000088500000, 0x0000000088500000, 0x0000000088600000|  0%| F|  |TAMS 0x0000000088500000, 0x0000000088500000| Untracked 
| 134|0x0000000088600000, 0x0000000088600000, 0x0000000088700000|  0%| F|  |TAMS 0x0000000088600000, 0x0000000088600000| Untracked 
| 135|0x0000000088700000, 0x0000000088700000, 0x0000000088800000|  0%| F|  |TAMS 0x0000000088700000, 0x0000000088700000| Untracked 
| 136|0x0000000088800000, 0x0000000088800000, 0x0000000088900000|  0%| F|  |TAMS 0x0000000088800000, 0x0000000088800000| Untracked 
| 137|0x0000000088900000, 0x0000000088900000, 0x0000000088a00000|  0%| F|  |TAMS 0x0000000088900000, 0x0000000088900000| Untracked 
| 138|0x0000000088a00000, 0x0000000088a00000, 0x0000000088b00000|  0%| F|  |TAMS 0x0000000088a00000, 0x0000000088a00000| Untracked 
| 139|0x0000000088b00000, 0x0000000088b00000, 0x0000000088c00000|  0%| F|  |TAMS 0x0000000088b00000, 0x0000000088b00000| Untracked 
| 140|0x0000000088c00000, 0x0000000088c00000, 0x0000000088d00000|  0%| F|  |TAMS 0x0000000088c00000, 0x0000000088c00000| Untracked 
| 141|0x0000000088d00000, 0x0000000088d00000, 0x0000000088e00000|  0%| F|  |TAMS 0x0000000088d00000, 0x0000000088d00000| Untracked 
| 142|0x0000000088e00000, 0x0000000088e00000, 0x0000000088f00000|  0%| F|  |TAMS 0x0000000088e00000, 0x0000000088e00000| Untracked 
| 143|0x0000000088f00000, 0x0000000088f00000, 0x0000000089000000|  0%| F|  |TAMS 0x0000000088f00000, 0x0000000088f00000| Untracked 
| 144|0x0000000089000000, 0x0000000089000000, 0x0000000089100000|  0%| F|  |TAMS 0x0000000089000000, 0x0000000089000000| Untracked 
| 145|0x0000000089100000, 0x0000000089100000, 0x0000000089200000|  0%| F|  |TAMS 0x0000000089100000, 0x0000000089100000| Untracked 
| 146|0x0000000089200000, 0x0000000089200000, 0x0000000089300000|  0%| F|  |TAMS 0x0000000089200000, 0x0000000089200000| Untracked 
| 147|0x0000000089300000, 0x0000000089300000, 0x0000000089400000|  0%| F|  |TAMS 0x0000000089300000, 0x0000000089300000| Untracked 
| 148|0x0000000089400000, 0x0000000089400000, 0x0000000089500000|  0%| F|  |TAMS 0x0000000089400000, 0x0000000089400000| Untracked 
| 149|0x0000000089500000, 0x0000000089500000, 0x0000000089600000|  0%| F|  |TAMS 0x0000000089500000, 0x0000000089500000| Untracked 
| 150|0x0000000089600000, 0x0000000089600000, 0x0000000089700000|  0%| F|  |TAMS 0x0000000089600000, 0x0000000089600000| Untracked 
| 151|0x0000000089700000, 0x0000000089700000, 0x0000000089800000|  0%| F|  |TAMS 0x0000000089700000, 0x0000000089700000| Untracked 
| 152|0x0000000089800000, 0x0000000089800000, 0x0000000089900000|  0%| F|  |TAMS 0x0000000089800000, 0x0000000089800000| Untracked 
| 153|0x0000000089900000, 0x0000000089900000, 0x0000000089a00000|  0%| F|  |TAMS 0x0000000089900000, 0x0000000089900000| Untracked 
| 154|0x0000000089a00000, 0x0000000089a00000, 0x0000000089b00000|  0%| F|  |TAMS 0x0000000089a00000, 0x0000000089a00000| Untracked 
| 155|0x0000000089b00000, 0x0000000089b00000, 0x0000000089c00000|  0%| F|  |TAMS 0x0000000089b00000, 0x0000000089b00000| Untracked 
| 156|0x0000000089c00000, 0x0000000089c00000, 0x0000000089d00000|  0%| F|  |TAMS 0x0000000089c00000, 0x0000000089c00000| Untracked 
| 157|0x0000000089d00000, 0x0000000089d00000, 0x0000000089e00000|  0%| F|  |TAMS 0x0000000089d00000, 0x0000000089d00000| Untracked 
| 158|0x0000000089e00000, 0x0000000089e00000, 0x0000000089f00000|  0%| F|  |TAMS 0x0000000089e00000, 0x0000000089e00000| Untracked 
| 159|0x0000000089f00000, 0x0000000089f00000, 0x000000008a000000|  0%| F|  |TAMS 0x0000000089f00000, 0x0000000089f00000| Untracked 
| 160|0x000000008a000000, 0x000000008a000000, 0x000000008a100000|  0%| F|  |TAMS 0x000000008a000000, 0x000000008a000000| Untracked 
| 161|0x000000008a100000, 0x000000008a100000, 0x000000008a200000|  0%| F|  |TAMS 0x000000008a100000, 0x000000008a100000| Untracked 
| 162|0x000000008a200000, 0x000000008a200000, 0x000000008a300000|  0%| F|  |TAMS 0x000000008a200000, 0x000000008a200000| Untracked 
| 163|0x000000008a300000, 0x000000008a300000, 0x000000008a400000|  0%| F|  |TAMS 0x000000008a300000, 0x000000008a300000| Untracked 
| 164|0x000000008a400000, 0x000000008a400000, 0x000000008a500000|  0%| F|  |TAMS 0x000000008a400000, 0x000000008a400000| Untracked 
| 165|0x000000008a500000, 0x000000008a500000, 0x000000008a600000|  0%| F|  |TAMS 0x000000008a500000, 0x000000008a500000| Untracked 
| 166|0x000000008a600000, 0x000000008a600000, 0x000000008a700000|  0%| F|  |TAMS 0x000000008a600000, 0x000000008a600000| Untracked 
| 167|0x000000008a700000, 0x000000008a700000, 0x000000008a800000|  0%| F|  |TAMS 0x000000008a700000, 0x000000008a700000| Untracked 
| 168|0x000000008a800000, 0x000000008a800000, 0x000000008a900000|  0%| F|  |TAMS 0x000000008a800000, 0x000000008a800000| Untracked 
| 169|0x000000008a900000, 0x000000008a900000, 0x000000008aa00000|  0%| F|  |TAMS 0x000000008a900000, 0x000000008a900000| Untracked 
| 170|0x000000008aa00000, 0x000000008aa00000, 0x000000008ab00000|  0%| F|  |TAMS 0x000000008aa00000, 0x000000008aa00000| Untracked 
| 171|0x000000008ab00000, 0x000000008ab00000, 0x000000008ac00000|  0%| F|  |TAMS 0x000000008ab00000, 0x000000008ab00000| Untracked 
| 172|0x000000008ac00000, 0x000000008ac00000, 0x000000008ad00000|  0%| F|  |TAMS 0x000000008ac00000, 0x000000008ac00000| Untracked 
| 173|0x000000008ad00000, 0x000000008ad00000, 0x000000008ae00000|  0%| F|  |TAMS 0x000000008ad00000, 0x000000008ad00000| Untracked 
| 174|0x000000008ae00000, 0x000000008ae00000, 0x000000008af00000|  0%| F|  |TAMS 0x000000008ae00000, 0x000000008ae00000| Untracked 
| 175|0x000000008af00000, 0x000000008af00000, 0x000000008b000000|  0%| F|  |TAMS 0x000000008af00000, 0x000000008af00000| Untracked 
| 176|0x000000008b000000, 0x000000008b000000, 0x000000008b100000|  0%| F|  |TAMS 0x000000008b000000, 0x000000008b000000| Untracked 
| 177|0x000000008b100000, 0x000000008b100000, 0x000000008b200000|  0%| F|  |TAMS 0x000000008b100000, 0x000000008b100000| Untracked 
| 178|0x000000008b200000, 0x000000008b200000, 0x000000008b300000|  0%| F|  |TAMS 0x000000008b200000, 0x000000008b200000| Untracked 
| 179|0x000000008b300000, 0x000000008b300000, 0x000000008b400000|  0%| F|  |TAMS 0x000000008b300000, 0x000000008b300000| Untracked 
| 180|0x000000008b400000, 0x000000008b480800, 0x000000008b500000| 50%| E|  |TAMS 0x000000008b400000, 0x000000008b400000| Complete 
| 181|0x000000008b500000, 0x000000008b600000, 0x000000008b600000|100%| E|CS|TAMS 0x000000008b500000, 0x000000008b500000| Complete 
| 182|0x000000008b600000, 0x000000008b700000, 0x000000008b700000|100%| E|CS|TAMS 0x000000008b600000, 0x000000008b600000| Complete 
| 183|0x000000008b700000, 0x000000008b800000, 0x000000008b800000|100%| E|CS|TAMS 0x000000008b700000, 0x000000008b700000| Complete 
| 184|0x000000008b800000, 0x000000008b900000, 0x000000008b900000|100%| E|CS|TAMS 0x000000008b800000, 0x000000008b800000| Complete 
| 185|0x000000008b900000, 0x000000008ba00000, 0x000000008ba00000|100%| E|CS|TAMS 0x000000008b900000, 0x000000008b900000| Complete 
| 186|0x000000008ba00000, 0x000000008bb00000, 0x000000008bb00000|100%| E|CS|TAMS 0x000000008ba00000, 0x000000008ba00000| Complete 
| 187|0x000000008bb00000, 0x000000008bc00000, 0x000000008bc00000|100%| E|CS|TAMS 0x000000008bb00000, 0x000000008bb00000| Complete 
| 188|0x000000008bc00000, 0x000000008bd00000, 0x000000008bd00000|100%| E|CS|TAMS 0x000000008bc00000, 0x000000008bc00000| Complete 
| 189|0x000000008bd00000, 0x000000008be00000, 0x000000008be00000|100%| E|CS|TAMS 0x000000008bd00000, 0x000000008bd00000| Complete 
| 190|0x000000008be00000, 0x000000008bf00000, 0x000000008bf00000|100%| E|CS|TAMS 0x000000008be00000, 0x000000008be00000| Complete 
| 191|0x000000008bf00000, 0x000000008c000000, 0x000000008c000000|100%| E|CS|TAMS 0x000000008bf00000, 0x000000008bf00000| Complete 
| 192|0x000000008c000000, 0x000000008c100000, 0x000000008c100000|100%| E|CS|TAMS 0x000000008c000000, 0x000000008c000000| Complete 
| 193|0x000000008c100000, 0x000000008c200000, 0x000000008c200000|100%| E|CS|TAMS 0x000000008c100000, 0x000000008c100000| Complete 
| 194|0x000000008c200000, 0x000000008c300000, 0x000000008c300000|100%| E|CS|TAMS 0x000000008c200000, 0x000000008c200000| Complete 
| 195|0x000000008c300000, 0x000000008c400000, 0x000000008c400000|100%| E|CS|TAMS 0x000000008c300000, 0x000000008c300000| Complete 
| 196|0x000000008c400000, 0x000000008c500000, 0x000000008c500000|100%| E|CS|TAMS 0x000000008c400000, 0x000000008c400000| Complete 
| 197|0x000000008c500000, 0x000000008c600000, 0x000000008c600000|100%| E|CS|TAMS 0x000000008c500000, 0x000000008c500000| Complete 
| 198|0x000000008c600000, 0x000000008c700000, 0x000000008c700000|100%| E|CS|TAMS 0x000000008c600000, 0x000000008c600000| Complete 
| 199|0x000000008c700000, 0x000000008c800000, 0x000000008c800000|100%| E|CS|TAMS 0x000000008c700000, 0x000000008c700000| Complete 
| 200|0x000000008c800000, 0x000000008c900000, 0x000000008c900000|100%| E|CS|TAMS 0x000000008c800000, 0x000000008c800000| Complete 
| 201|0x000000008c900000, 0x000000008ca00000, 0x000000008ca00000|100%| E|CS|TAMS 0x000000008c900000, 0x000000008c900000| Complete 
| 202|0x000000008ca00000, 0x000000008cb00000, 0x000000008cb00000|100%| E|CS|TAMS 0x000000008ca00000, 0x000000008ca00000| Complete 
| 203|0x000000008cb00000, 0x000000008cc00000, 0x000000008cc00000|100%| E|CS|TAMS 0x000000008cb00000, 0x000000008cb00000| Complete 
| 204|0x000000008cc00000, 0x000000008cd00000, 0x000000008cd00000|100%| E|CS|TAMS 0x000000008cc00000, 0x000000008cc00000| Complete 
| 205|0x000000008cd00000, 0x000000008ce00000, 0x000000008ce00000|100%| E|CS|TAMS 0x000000008cd00000, 0x000000008cd00000| Complete 
| 206|0x000000008ce00000, 0x000000008cf00000, 0x000000008cf00000|100%| E|CS|TAMS 0x000000008ce00000, 0x000000008ce00000| Complete 
| 207|0x000000008cf00000, 0x000000008d000000, 0x000000008d000000|100%| E|CS|TAMS 0x000000008cf00000, 0x000000008cf00000| Complete 
| 208|0x000000008d000000, 0x000000008d100000, 0x000000008d100000|100%| E|CS|TAMS 0x000000008d000000, 0x000000008d000000| Complete 
| 209|0x000000008d100000, 0x000000008d200000, 0x000000008d200000|100%| E|CS|TAMS 0x000000008d100000, 0x000000008d100000| Complete 
| 210|0x000000008d200000, 0x000000008d300000, 0x000000008d300000|100%| E|CS|TAMS 0x000000008d200000, 0x000000008d200000| Complete 
| 211|0x000000008d300000, 0x000000008d400000, 0x000000008d400000|100%| E|CS|TAMS 0x000000008d300000, 0x000000008d300000| Complete 
| 212|0x000000008d400000, 0x000000008d500000, 0x000000008d500000|100%| E|CS|TAMS 0x000000008d400000, 0x000000008d400000| Complete 
| 213|0x000000008d500000, 0x000000008d600000, 0x000000008d600000|100%| E|CS|TAMS 0x000000008d500000, 0x000000008d500000| Complete 
| 214|0x000000008d600000, 0x000000008d700000, 0x000000008d700000|100%| E|CS|TAMS 0x000000008d600000, 0x000000008d600000| Complete 
| 215|0x000000008d700000, 0x000000008d800000, 0x000000008d800000|100%| E|CS|TAMS 0x000000008d700000, 0x000000008d700000| Complete 
| 216|0x000000008d800000, 0x000000008d900000, 0x000000008d900000|100%| E|CS|TAMS 0x000000008d800000, 0x000000008d800000| Complete 
| 217|0x000000008d900000, 0x000000008da00000, 0x000000008da00000|100%| E|CS|TAMS 0x000000008d900000, 0x000000008d900000| Complete 
| 218|0x000000008da00000, 0x000000008db00000, 0x000000008db00000|100%| E|CS|TAMS 0x000000008da00000, 0x000000008da00000| Complete 
| 219|0x000000008db00000, 0x000000008dc00000, 0x000000008dc00000|100%| E|CS|TAMS 0x000000008db00000, 0x000000008db00000| Complete 
| 220|0x000000008dc00000, 0x000000008dd00000, 0x000000008dd00000|100%| E|CS|TAMS 0x000000008dc00000, 0x000000008dc00000| Complete 
| 221|0x000000008dd00000, 0x000000008de00000, 0x000000008de00000|100%| E|CS|TAMS 0x000000008dd00000, 0x000000008dd00000| Complete 
| 222|0x000000008de00000, 0x000000008df00000, 0x000000008df00000|100%| E|CS|TAMS 0x000000008de00000, 0x000000008de00000| Complete 
| 223|0x000000008df00000, 0x000000008e000000, 0x000000008e000000|100%| E|CS|TAMS 0x000000008df00000, 0x000000008df00000| Complete 
| 224|0x000000008e000000, 0x000000008e100000, 0x000000008e100000|100%| E|CS|TAMS 0x000000008e000000, 0x000000008e000000| Complete 
| 225|0x000000008e100000, 0x000000008e200000, 0x000000008e200000|100%| E|CS|TAMS 0x000000008e100000, 0x000000008e100000| Complete 
| 226|0x000000008e200000, 0x000000008e300000, 0x000000008e300000|100%| E|CS|TAMS 0x000000008e200000, 0x000000008e200000| Complete 
| 227|0x000000008e300000, 0x000000008e400000, 0x000000008e400000|100%| E|CS|TAMS 0x000000008e300000, 0x000000008e300000| Complete 
| 228|0x000000008e400000, 0x000000008e500000, 0x000000008e500000|100%| E|CS|TAMS 0x000000008e400000, 0x000000008e400000| Complete 
| 229|0x000000008e500000, 0x000000008e600000, 0x000000008e600000|100%| E|CS|TAMS 0x000000008e500000, 0x000000008e500000| Complete 
| 230|0x000000008e600000, 0x000000008e700000, 0x000000008e700000|100%| E|CS|TAMS 0x000000008e600000, 0x000000008e600000| Complete 

Card table byte_map: [0x000002386e0b0000,0x000002386e4b0000] _byte_map_base: 0x000002386dcb0000

Marking Bits (Prev, Next): (CMBitMap*) 0x0000023854fd65f0, (CMBitMap*) 0x0000023854fd65b0
 Prev Bits: [0x00000238708b0000, 0x00000238728b0000)
 Next Bits: [0x000002386e8b0000, 0x00000238708b0000)

Polling page: 0x0000023854dc0000

Metaspace:

Usage:
  Non-class:     71.56 MB used.
      Class:     11.55 MB used.
       Both:     83.11 MB used.

Virtual space:
  Non-class space:      128.00 MB reserved,      72.00 MB ( 56%) committed,  2 nodes.
      Class space:      416.00 MB reserved,      11.94 MB (  3%) committed,  1 nodes.
             Both:      544.00 MB reserved,      83.94 MB ( 15%) committed. 

Chunk freelists:
   Non-Class:  7.55 MB
       Class:  3.95 MB
        Both:  11.50 MB

MaxMetaspaceSize: 512.00 MB
CompressedClassSpaceSize: 416.00 MB
Initial GC threshold: 21.00 MB
Current GC threshold: 131.50 MB
CDS: on
MetaspaceReclaimPolicy: balanced
 - commit_granule_bytes: 65536.
 - commit_granule_words: 8192.
 - virtual_space_node_default_size: 8388608.
 - enlarge_chunks_in_place: 1.
 - new_chunks_are_fully_committed: 0.
 - uncommit_free_chunks: 1.
 - use_allocation_guard: 0.
 - handle_deallocations: 1.


Internal statistics:

num_allocs_failed_limit: 8.
num_arena_births: 1028.
num_arena_deaths: 0.
num_vsnodes_births: 3.
num_vsnodes_deaths: 0.
num_space_committed: 1343.
num_space_uncommitted: 0.
num_chunks_returned_to_freelist: 8.
num_chunks_taken_from_freelist: 4524.
num_chunk_merges: 3.
num_chunk_splits: 2968.
num_chunks_enlarged: 1968.
num_inconsistent_stats: 0.

CodeHeap 'non-profiled nmethods': size=120000Kb used=6091Kb max_used=6091Kb free=113908Kb
 bounds [0x0000023865d20000, 0x0000023866320000, 0x000002386d250000]
CodeHeap 'profiled nmethods': size=120000Kb used=17905Kb max_used=17905Kb free=102094Kb
 bounds [0x000002385e250000, 0x000002385f3d0000, 0x0000023865780000]
CodeHeap 'non-nmethods': size=5760Kb used=2408Kb max_used=2536Kb free=3351Kb
 bounds [0x0000023865780000, 0x0000023865a10000, 0x0000023865d20000]
 total_blobs=10034 nmethods=9092 adapters=854
 compilation: enabled
              stopped_count=0, restarted_count=0
 full_count=0

Compilation events (20 events):
Event: 271.621 Thread 0x000002387dd41b00 10564       4       java.util.stream.ReferencePipeline::collect (124 bytes)
Event: 271.621 Thread 0x0000023875384370 10563       3       java.util.concurrent.Executors$RunnableAdapter::call (14 bytes)
Event: 271.622 Thread 0x0000023875384370 nmethod 10563 0x000002385f3be290 code [0x000002385f3be440, 0x000002385f3be628]
Event: 271.623 Thread 0x0000023875384370 10565       3       java.util.stream.FindOps$FindSink$OfRef::get (5 bytes)
Event: 271.624 Thread 0x0000023875384370 nmethod 10565 0x000002385f3be710 code [0x000002385f3be900, 0x000002385f3bee28]
Event: 271.625 Thread 0x000002387537ce80 10566       4       java.util.stream.AbstractPipeline::wrapAndCopyInto (18 bytes)
Event: 271.625 Thread 0x0000023875384370 10567       3       jdk.management.jfr.internal.FlightRecorderMXBeanProvider$SingleMBeanComponent::mbeanInterfaceNames (11 bytes)
Event: 271.625 Thread 0x0000023875384370 nmethod 10567 0x000002385f3bf010 code [0x000002385f3bf1e0, 0x000002385f3bf668]
Event: 271.625 Thread 0x0000023875384370 10568       3       java.lang.management.ManagementFactory::platformComponents (9 bytes)
Event: 271.626 Thread 0x0000023875384370 nmethod 10568 0x000002385f3bf810 code [0x000002385f3bf9e0, 0x000002385f3bfe98]
Event: 271.626 Thread 0x0000023875384370 10569       3       java.lang.management.ManagementFactory::getPlatformMXBeans (57 bytes)
Event: 271.628 Thread 0x0000023875384370 nmethod 10569 0x000002385f3c0010 code [0x000002385f3c0300, 0x000002385f3c13a8]
Event: 271.639 Thread 0x000002387537ce80 nmethod 10566 0x0000023866303710 code [0x00000238663038e0, 0x0000023866303d58]
Event: 271.665 Thread 0x000002387dd41b00 nmethod 10564 0x0000023866304290 code [0x0000023866304500, 0x0000023866304f50]
Event: 272.151 Thread 0x000002387dd41b00 10570       4       java.util.HashMap$HashMapSpliterator::estimateSize (11 bytes)
Event: 272.152 Thread 0x000002387dd41b00 nmethod 10570 0x0000023866305990 code [0x0000023866305b00, 0x0000023866305bd8]
Event: 272.273 Thread 0x0000023875384370 10571       3       org.gradle.internal.serialize.AbstractDecoder::readSmallInt (5 bytes)
Event: 272.273 Thread 0x0000023875384370 nmethod 10571 0x000002385f3c1910 code [0x000002385f3c1ac0, 0x000002385f3c1c88]
Event: 272.276 Thread 0x0000023875384370 10572       3       java.util.concurrent.CopyOnWriteArrayList::indexOfRange (63 bytes)
Event: 272.277 Thread 0x0000023875384370 nmethod 10572 0x000002385f3c1d10 code [0x000002385f3c1ee0, 0x000002385f3c2388]

GC Heap History (20 events):
Event: 123.212 GC heap before
{Heap before GC invocations=37 (full 0):
 garbage-first heap   total 128000K, used 104671K [0x0000000080000000, 0x0000000100000000)
  region size 1024K, 23 young (23552K), 1 survivors (1024K)
 Metaspace       used 74412K, committed 75200K, reserved 491520K
  class space    used 10363K, committed 10752K, reserved 425984K
}
Event: 123.225 GC heap after
{Heap after GC invocations=38 (full 0):
 garbage-first heap   total 128000K, used 83528K [0x0000000080000000, 0x0000000100000000)
  region size 1024K, 1 young (1024K), 1 survivors (1024K)
 Metaspace       used 74412K, committed 75200K, reserved 491520K
  class space    used 10363K, committed 10752K, reserved 425984K
}
Event: 128.475 GC heap before
{Heap before GC invocations=39 (full 0):
 garbage-first heap   total 147456K, used 107080K [0x0000000080000000, 0x0000000100000000)
  region size 1024K, 24 young (24576K), 1 survivors (1024K)
 Metaspace       used 76079K, committed 76864K, reserved 557056K
  class space    used 10581K, committed 10944K, reserved 425984K
}
Event: 128.495 GC heap after
{Heap after GC invocations=40 (full 0):
 garbage-first heap   total 147456K, used 87245K [0x0000000080000000, 0x0000000100000000)
  region size 1024K, 3 young (3072K), 3 survivors (3072K)
 Metaspace       used 76079K, committed 76864K, reserved 557056K
  class space    used 10581K, committed 10944K, reserved 425984K
}
Event: 128.700 GC heap before
{Heap before GC invocations=40 (full 0):
 garbage-first heap   total 147456K, used 94413K [0x0000000080000000, 0x0000000100000000)
  region size 1024K, 7 young (7168K), 3 survivors (3072K)
 Metaspace       used 76079K, committed 76864K, reserved 557056K
  class space    used 10581K, committed 10944K, reserved 425984K
}
Event: 128.727 GC heap after
{Heap after GC invocations=41 (full 0):
 garbage-first heap   total 147456K, used 90994K [0x0000000080000000, 0x0000000100000000)
  region size 1024K, 1 young (1024K), 1 survivors (1024K)
 Metaspace       used 76079K, committed 76864K, reserved 557056K
  class space    used 10581K, committed 10944K, reserved 425984K
}
Event: 128.931 GC heap before
{Heap before GC invocations=41 (full 0):
 garbage-first heap   total 147456K, used 93042K [0x0000000080000000, 0x0000000100000000)
  region size 1024K, 4 young (4096K), 1 survivors (1024K)
 Metaspace       used 76093K, committed 76864K, reserved 557056K
  class space    used 10581K, committed 10944K, reserved 425984K
}
Event: 128.947 GC heap after
{Heap after GC invocations=42 (full 0):
 garbage-first heap   total 147456K, used 92672K [0x0000000080000000, 0x0000000100000000)
  region size 1024K, 3 young (3072K), 3 survivors (3072K)
 Metaspace       used 76093K, committed 76864K, reserved 557056K
  class space    used 10581K, committed 10944K, reserved 425984K
}
Event: 133.508 GC heap before
{Heap before GC invocations=43 (full 0):
 garbage-first heap   total 163840K, used 115200K [0x0000000080000000, 0x0000000100000000)
  region size 1024K, 23 young (23552K), 3 survivors (3072K)
 Metaspace       used 77330K, committed 78144K, reserved 557056K
  class space    used 10748K, committed 11136K, reserved 425984K
}
Event: 133.521 GC heap after
{Heap after GC invocations=44 (full 0):
 garbage-first heap   total 163840K, used 93296K [0x0000000080000000, 0x0000000100000000)
  region size 1024K, 2 young (2048K), 2 survivors (2048K)
 Metaspace       used 77330K, committed 78144K, reserved 557056K
  class space    used 10748K, committed 11136K, reserved 425984K
}
Event: 134.361 GC heap before
{Heap before GC invocations=44 (full 0):
 garbage-first heap   total 163840K, used 98416K [0x0000000080000000, 0x0000000100000000)
  region size 1024K, 8 young (8192K), 2 survivors (2048K)
 Metaspace       used 77676K, committed 78528K, reserved 557056K
  class space    used 10799K, committed 11200K, reserved 425984K
}
Event: 134.377 GC heap after
{Heap after GC invocations=45 (full 0):
 garbage-first heap   total 163840K, used 93394K [0x0000000080000000, 0x0000000100000000)
  region size 1024K, 1 young (1024K), 1 survivors (1024K)
 Metaspace       used 77676K, committed 78528K, reserved 557056K
  class space    used 10799K, committed 11200K, reserved 425984K
}
Event: 140.885 GC heap before
{Heap before GC invocations=45 (full 0):
 garbage-first heap   total 163840K, used 124114K [0x0000000080000000, 0x0000000100000000)
  region size 1024K, 31 young (31744K), 1 survivors (1024K)
 Metaspace       used 79787K, committed 80576K, reserved 557056K
  class space    used 11055K, committed 11456K, reserved 425984K
}
Event: 140.902 GC heap after
{Heap after GC invocations=46 (full 0):
 garbage-first heap   total 163840K, used 94526K [0x0000000080000000, 0x0000000100000000)
  region size 1024K, 2 young (2048K), 2 survivors (2048K)
 Metaspace       used 79787K, committed 80576K, reserved 557056K
  class space    used 11055K, committed 11456K, reserved 425984K
}
Event: 146.123 GC heap before
{Heap before GC invocations=47 (full 0):
 garbage-first heap   total 163840K, used 123198K [0x0000000080000000, 0x0000000100000000)
  region size 1024K, 34 young (34816K), 2 survivors (2048K)
 Metaspace       used 82053K, committed 82880K, reserved 557056K
  class space    used 11356K, committed 11776K, reserved 425984K
}
Event: 146.143 GC heap after
{Heap after GC invocations=48 (full 0):
 garbage-first heap   total 163840K, used 91626K [0x0000000080000000, 0x0000000100000000)
  region size 1024K, 3 young (3072K), 3 survivors (3072K)
 Metaspace       used 82053K, committed 82880K, reserved 557056K
  class space    used 11356K, committed 11776K, reserved 425984K
}
Event: 146.797 GC heap before
{Heap before GC invocations=48 (full 0):
 garbage-first heap   total 163840K, used 96746K [0x0000000080000000, 0x0000000100000000)
  region size 1024K, 8 young (8192K), 3 survivors (3072K)
 Metaspace       used 82257K, committed 83072K, reserved 557056K
  class space    used 11405K, committed 11840K, reserved 425984K
}
Event: 146.817 GC heap after
{Heap after GC invocations=49 (full 0):
 garbage-first heap   total 163840K, used 91472K [0x0000000080000000, 0x0000000100000000)
  region size 1024K, 1 young (1024K), 1 survivors (1024K)
 Metaspace       used 82257K, committed 83072K, reserved 557056K
  class space    used 11405K, committed 11840K, reserved 425984K
}
Event: 190.929 GC heap before
{Heap before GC invocations=49 (full 0):
 garbage-first heap   total 163840K, used 129360K [0x0000000080000000, 0x0000000100000000)
  region size 1024K, 38 young (38912K), 1 survivors (1024K)
 Metaspace       used 82461K, committed 83264K, reserved 557056K
  class space    used 11429K, committed 11840K, reserved 425984K
}
Event: 190.955 GC heap after
{Heap after GC invocations=50 (full 0):
 garbage-first heap   total 236544K, used 93973K [0x0000000080000000, 0x0000000100000000)
  region size 1024K, 4 young (4096K), 4 survivors (4096K)
 Metaspace       used 82461K, committed 83264K, reserved 557056K
  class space    used 11429K, committed 11840K, reserved 425984K
}

Dll operation events (15 events):
Event: 0.020 Loaded shared library C:\Program Files\Microsoft\jdk-17.0.10.7-hotspot\bin\java.dll
Event: 0.067 Loaded shared library C:\Program Files\Microsoft\jdk-17.0.10.7-hotspot\bin\jsvml.dll
Event: 0.222 Loaded shared library C:\Program Files\Microsoft\jdk-17.0.10.7-hotspot\bin\zip.dll
Event: 0.229 Loaded shared library C:\Program Files\Microsoft\jdk-17.0.10.7-hotspot\bin\instrument.dll
Event: 0.244 Loaded shared library C:\Program Files\Microsoft\jdk-17.0.10.7-hotspot\bin\net.dll
Event: 0.249 Loaded shared library C:\Program Files\Microsoft\jdk-17.0.10.7-hotspot\bin\nio.dll
Event: 0.257 Loaded shared library C:\Program Files\Microsoft\jdk-17.0.10.7-hotspot\bin\zip.dll
Event: 1.198 Loaded shared library C:\Program Files\Microsoft\jdk-17.0.10.7-hotspot\bin\jimage.dll
Event: 1.638 Loaded shared library C:\Program Files\Microsoft\jdk-17.0.10.7-hotspot\bin\verify.dll
Event: 2.304 Loaded shared library C:\Users\Khushboo Mayur Patil\.gradle\native\68d5fa5c4cc2d200863cafc0d521ce42e7d3e7ee720ec0a83991735586a16f82\windows-amd64\native-platform.dll
Event: 2.453 Loaded shared library C:\Users\Khushboo Mayur Patil\.gradle\native\e376f236ea51e6404a007f0833ffe2c6e607c4080706a723a18a27aeea778392\windows-amd64\native-platform-file-events.dll
Event: 6.034 Loaded shared library C:\Program Files\Microsoft\jdk-17.0.10.7-hotspot\bin\management.dll
Event: 6.039 Loaded shared library C:\Program Files\Microsoft\jdk-17.0.10.7-hotspot\bin\management_ext.dll
Event: 7.418 Loaded shared library C:\Program Files\Microsoft\jdk-17.0.10.7-hotspot\bin\extnet.dll
Event: 11.153 Loaded shared library C:\Program Files\Microsoft\jdk-17.0.10.7-hotspot\bin\sunmscapi.dll

Deoptimization events (20 events):
Event: 212.348 Thread 0x000002387b24ff20 Uncommon trap: trap_request=0xffffff45 fr.pc=0x000002386627afd4 relative=0x0000000000004c14
Event: 212.348 Thread 0x000002387b24ff20 Uncommon trap: reason=unstable_if action=reinterpret pc=0x000002386627afd4 method=org.gradle.internal.reflect.PropertyAccessorType.of(Ljava/lang/reflect/Method;)Lorg/gradle/internal/reflect/PropertyAccessorType; @ 56 c2
Event: 212.348 Thread 0x000002387b24ff20 DEOPT PACKING pc=0x000002386627afd4 sp=0x00000086b30f4a10
Event: 212.348 Thread 0x000002387b24ff20 DEOPT UNPACKING pc=0x00000238657d69a3 sp=0x00000086b30f4998 mode 2
Event: 213.133 Thread 0x000002387b24ff20 Uncommon trap: trap_request=0xffffff45 fr.pc=0x0000023865fc3614 relative=0x0000000000000114
Event: 213.134 Thread 0x000002387b24ff20 Uncommon trap: reason=unstable_if action=reinterpret pc=0x0000023865fc3614 method=jdk.internal.org.objectweb.asm.ByteVector.putInt(I)Ljdk/internal/org/objectweb/asm/ByteVector; @ 13 c2
Event: 213.134 Thread 0x000002387b24ff20 DEOPT PACKING pc=0x0000023865fc3614 sp=0x00000086b30f3f90
Event: 213.134 Thread 0x000002387b24ff20 DEOPT UNPACKING pc=0x00000238657d69a3 sp=0x00000086b30f3f28 mode 2
Event: 271.613 Thread 0x000002387c79e210 Uncommon trap: trap_request=0xffffff45 fr.pc=0x0000023865fa41d4 relative=0x0000000000000a54
Event: 271.613 Thread 0x000002387c79e210 Uncommon trap: reason=unstable_if action=reinterpret pc=0x0000023865fa41d4 method=java.lang.Thread.interrupted()Z @ 10 c2
Event: 271.613 Thread 0x000002387c79e210 DEOPT PACKING pc=0x0000023865fa41d4 sp=0x00000086b2bfeef0
Event: 271.613 Thread 0x000002387c79e210 DEOPT UNPACKING pc=0x00000238657d69a3 sp=0x00000086b2bfee20 mode 2
Event: 271.614 Thread 0x000002387ab01540 Uncommon trap: trap_request=0xffffff76 fr.pc=0x00000238662dcf8c relative=0x000000000000084c
Event: 271.614 Thread 0x000002387ab01540 Uncommon trap: reason=predicate action=maybe_recompile pc=0x00000238662dcf8c method=java.util.ComparableTimSort.binarySort([Ljava/lang/Object;III)V @ 34 c2
Event: 271.614 Thread 0x000002387ab01540 DEOPT PACKING pc=0x00000238662dcf8c sp=0x00000086b2dfd2f0
Event: 271.614 Thread 0x000002387ab01540 DEOPT UNPACKING pc=0x00000238657d69a3 sp=0x00000086b2dfd298 mode 2
Event: 271.618 Thread 0x000002387ab01540 Uncommon trap: trap_request=0xffffff45 fr.pc=0x0000023866111504 relative=0x0000000000004f44
Event: 271.618 Thread 0x000002387ab01540 Uncommon trap: reason=unstable_if action=reinterpret pc=0x0000023866111504 method=java.io.ObjectOutputStream.writeObject0(Ljava/lang/Object;Z)V @ 235 c2
Event: 271.618 Thread 0x000002387ab01540 DEOPT PACKING pc=0x0000023866111504 sp=0x00000086b2dfe7c0
Event: 271.618 Thread 0x000002387ab01540 DEOPT UNPACKING pc=0x00000238657d69a3 sp=0x00000086b2dfe7b0 mode 2

Classes unloaded (0 events):
No events

Classes redefined (0 events):
No events

Internal exceptions (20 events):
Event: 209.165 Thread 0x000002387b24ff20 Exception <a 'java/lang/ClassNotFoundException'{0x000000008e3b2268}: org/gradle/api/internal/AbstractTaskCustomizer> (0x000000008e3b2268) 
thrown [s\src\hotspot\share\classfile\systemDictionary.cpp, line 256]
Event: 209.254 Thread 0x000002387b24ff20 Exception <a 'java/lang/ClassNotFoundException'{0x000000008e222048}: org/gradle/api/DefaultTaskCustomizer> (0x000000008e222048) 
thrown [s\src\hotspot\share\classfile\systemDictionary.cpp, line 256]
Event: 209.350 Thread 0x000002387b24ff20 Exception <a 'java/lang/ClassNotFoundException'{0x000000008e29a6f0}: org/gradle/api/DefaultTask_DecoratedCustomizer> (0x000000008e29a6f0) 
thrown [s\src\hotspot\share\classfile\systemDictionary.cpp, line 256]
Event: 209.583 Thread 0x000002387b24ff20 Exception <a 'java/lang/ClassNotFoundException'{0x000000008dfbb4b0}: org/codehaus/groovy/runtime/NullObjectBeanInfo> (0x000000008dfbb4b0) 
thrown [s\src\hotspot\share\classfile\systemDictionary.cpp, line 256]
Event: 209.719 Thread 0x000002387b24ff20 Exception <a 'java/lang/ClassNotFoundException'{0x000000008dc62b88}: org/codehaus/groovy/runtime/NullObjectCustomizer> (0x000000008dc62b88) 
thrown [s\src\hotspot\share\classfile\systemDictionary.cpp, line 256]
Event: 209.740 Thread 0x000002387b24ff20 Exception <a 'java/lang/ClassNotFoundException'{0x000000008dc86b88}: java/util/regex/MatcherBeanInfo> (0x000000008dc86b88) 
thrown [s\src\hotspot\share\classfile\systemDictionary.cpp, line 256]
Event: 209.745 Thread 0x000002387b24ff20 Exception <a 'java/lang/ClassNotFoundException'{0x000000008dc90c10}: java/util/regex/MatcherCustomizer> (0x000000008dc90c10) 
thrown [s\src\hotspot\share\classfile\systemDictionary.cpp, line 256]
Event: 209.880 Thread 0x000002387b24ff20 Exception <a 'java/lang/ClassNotFoundException'{0x000000008db43b28}: com/android/build/gradle/internal/api/DefaultAndroidSourceSet_DecoratedBeanInfo> (0x000000008db43b28) 
thrown [s\src\hotspot\share\classfile\systemDictionary.cpp, line 256]
Event: 209.886 Thread 0x000002387b24ff20 Exception <a 'java/lang/ClassNotFoundException'{0x000000008db55f40}: com/android/build/gradle/internal/api/DefaultAndroidSourceSetBeanInfo> (0x000000008db55f40) 
thrown [s\src\hotspot\share\classfile\systemDictionary.cpp, line 256]
Event: 209.895 Thread 0x000002387b24ff20 Exception <a 'java/lang/ClassNotFoundException'{0x000000008db683b0}: com/android/build/gradle/internal/api/DefaultAndroidSourceSetCustomizer> (0x000000008db683b0) 
thrown [s\src\hotspot\share\classfile\systemDictionary.cpp, line 256]
Event: 210.018 Thread 0x000002387b24ff20 Exception <a 'java/lang/ClassNotFoundException'{0x000000008dbd5a60}: com/android/build/gradle/internal/api/DefaultAndroidSourceSet_DecoratedCustomizer> (0x000000008dbd5a60) 
thrown [s\src\hotspot\share\classfile\systemDictionary.cpp, line 256]
Event: 210.151 Thread 0x000002387b24ff20 Exception <a 'java/lang/ClassNotFoundException'{0x000000008da7e848}: com/android/build/gradle/internal/api/DefaultAndroidSourceDirectorySetBeanInfo> (0x000000008da7e848) 
thrown [s\src\hotspot\share\classfile\systemDictionary.cpp, line 256]
Event: 210.159 Thread 0x000002387b24ff20 Exception <a 'java/lang/ClassNotFoundException'{0x000000008da94780}: com/android/build/gradle/internal/api/DefaultAndroidSourceDirectorySetCustomizer> (0x000000008da94780) 
thrown [s\src\hotspot\share\classfile\systemDictionary.cpp, line 256]
Event: 210.211 Thread 0x000002387b24ff20 Exception <a 'java/lang/ClassNotFoundException'{0x000000008d9b6508}: com/google/common/collect/SingletonImmutableSetBeanInfo> (0x000000008d9b6508) 
thrown [s\src\hotspot\share\classfile\systemDictionary.cpp, line 256]
Event: 210.217 Thread 0x000002387b24ff20 Exception <a 'java/lang/ClassNotFoundException'{0x000000008d9c9818}: com/google/common/collect/ImmutableSetBeanInfo> (0x000000008d9c9818) 
thrown [s\src\hotspot\share\classfile\systemDictionary.cpp, line 256]
Event: 210.223 Thread 0x000002387b24ff20 Exception <a 'java/lang/ClassNotFoundException'{0x000000008d9dcbf8}: com/google/common/collect/ImmutableCollectionBeanInfo> (0x000000008d9dcbf8) 
thrown [s\src\hotspot\share\classfile\systemDictionary.cpp, line 256]
Event: 210.256 Thread 0x000002387b24ff20 Exception <a 'java/lang/ClassNotFoundException'{0x000000008d9f0048}: com/google/common/collect/ImmutableCollectionCustomizer> (0x000000008d9f0048) 
thrown [s\src\hotspot\share\classfile\systemDictionary.cpp, line 256]
Event: 210.533 Thread 0x000002387b24ff20 Exception <a 'java/lang/ClassNotFoundException'{0x000000008d84d478}: com/google/common/collect/ImmutableSetCustomizer> (0x000000008d84d478) 
thrown [s\src\hotspot\share\classfile\systemDictionary.cpp, line 256]
Event: 210.686 Thread 0x000002387b24ff20 Exception <a 'java/lang/ClassNotFoundException'{0x000000008d8792f8}: com/google/common/collect/SingletonImmutableSetCustomizer> (0x000000008d8792f8) 
thrown [s\src\hotspot\share\classfile\systemDictionary.cpp, line 256]
Event: 272.277 Thread 0x000002387b2bda70 Exception <a 'java/io/IOException'{0x000000008b9a7248}> (0x000000008b9a7248) 
thrown [s\src\hotspot\share\prims\jni.cpp, line 516]

VM Operations (20 events):
Event: 190.929 Executing VM operation: G1CollectForAllocation
Event: 190.956 Executing VM operation: G1CollectForAllocation done
Event: 194.958 Executing VM operation: Cleanup
Event: 194.959 Executing VM operation: Cleanup done
Event: 204.964 Executing VM operation: Cleanup
Event: 204.964 Executing VM operation: Cleanup done
Event: 208.966 Executing VM operation: Cleanup
Event: 208.966 Executing VM operation: Cleanup done
Event: 210.967 Executing VM operation: Cleanup
Event: 210.968 Executing VM operation: Cleanup done
Event: 211.730 Executing VM operation: HandshakeAllThreads
Event: 211.731 Executing VM operation: HandshakeAllThreads done
Event: 212.213 Executing VM operation: HandshakeAllThreads
Event: 212.214 Executing VM operation: HandshakeAllThreads done
Event: 212.214 Executing VM operation: Cleanup
Event: 212.214 Executing VM operation: Cleanup done
Event: 219.378 Executing VM operation: Cleanup
Event: 219.378 Executing VM operation: Cleanup done
Event: 271.829 Executing VM operation: Cleanup
Event: 271.829 Executing VM operation: Cleanup done

Events (20 events):
Event: 209.735 loading class java/util/regex/MatcherBeanInfo done
Event: 209.739 loading class java/util/regex/MatcherBeanInfo
Event: 209.739 loading class java/util/regex/MatcherBeanInfo done
Event: 209.741 loading class java/util/regex/MatcherCustomizer
Event: 209.741 loading class java/util/regex/MatcherCustomizer done
Event: 209.745 loading class java/util/regex/MatcherCustomizer
Event: 209.745 loading class java/util/regex/MatcherCustomizer done
Event: 210.364 Thread 0x000002387dd43040 Thread added: 0x000002387dd43040
Event: 211.211 loading class java/util/concurrent/atomic/AtomicIntegerArray
Event: 211.213 loading class java/util/concurrent/atomic/AtomicIntegerArray done
Event: 211.231 loading class java/util/Currency
Event: 211.234 loading class java/util/Currency done
Event: 211.283 loading class java/util/concurrent/atomic/AtomicLongArray
Event: 211.284 loading class java/util/concurrent/atomic/AtomicLongArray done
Event: 211.491 loading class jdk/internal/vm/annotation/ForceInline
Event: 211.491 loading class jdk/internal/vm/annotation/ForceInline done
Event: 271.614 Thread 0x000002387c79e210 Thread exited: 0x000002387c79e210
Event: 272.277 loading class java/nio/channels/AsynchronousCloseException
Event: 272.287 loading class java/nio/channels/AsynchronousCloseException done
Event: 272.287 Thread 0x000002387b2bda70 Thread exited: 0x000002387b2bda70


Dynamic libraries:
0x00007ff7106a0000 - 0x00007ff7106ae000 	C:\Program Files\Microsoft\jdk-17.0.10.7-hotspot\bin\java.exe
0x00007ff9a54e0000 - 0x00007ff9a56d0000 	C:\windows\SYSTEM32\ntdll.dll
0x00007ff9a4a50000 - 0x00007ff9a4b02000 	C:\windows\System32\KERNEL32.DLL
0x00007ff9a2470000 - 0x00007ff9a2713000 	C:\windows\System32\KERNELBASE.dll
0x00007ff9a28c0000 - 0x00007ff9a29ba000 	C:\windows\System32\ucrtbase.dll
0x00007ff97a9a0000 - 0x00007ff97a9bb000 	C:\Program Files\Microsoft\jdk-17.0.10.7-hotspot\bin\VCRUNTIME140.dll
0x00007ff97bf90000 - 0x00007ff97bfa7000 	C:\Program Files\Microsoft\jdk-17.0.10.7-hotspot\bin\jli.dll
0x00007ff9a3fa0000 - 0x00007ff9a4133000 	C:\windows\System32\USER32.dll
0x00007ff98aa90000 - 0x00007ff98ad15000 	C:\windows\WinSxS\amd64_microsoft.windows.common-controls_6595b64144ccf1df_6.0.18362.207_none_e6c5ae95130e4267\COMCTL32.dll
0x00007ff9a2a70000 - 0x00007ff9a2a91000 	C:\windows\System32\win32u.dll
0x00007ff9a3980000 - 0x00007ff9a3a1e000 	C:\windows\System32\msvcrt.dll
0x00007ff9a5310000 - 0x00007ff9a5336000 	C:\windows\System32\GDI32.dll
0x00007ff9a3b30000 - 0x00007ff9a3e66000 	C:\windows\System32\combase.dll
0x00007ff9a2720000 - 0x00007ff9a28b4000 	C:\windows\System32\gdi32full.dll
0x00007ff9a4b10000 - 0x00007ff9a4c30000 	C:\windows\System32\RPCRT4.dll
0x00007ff9a3360000 - 0x00007ff9a33fe000 	C:\windows\System32\msvcp_win.dll
0x00007ff9a2aa0000 - 0x00007ff9a2b21000 	C:\windows\System32\bcryptPrimitives.dll
0x00007ff9a37f0000 - 0x00007ff9a381e000 	C:\windows\System32\IMM32.DLL
0x00007ff98cb20000 - 0x00007ff98cb2c000 	C:\Program Files\Microsoft\jdk-17.0.10.7-hotspot\bin\vcruntime140_1.dll
0x00007ff93a710000 - 0x00007ff93a79d000 	C:\Program Files\Microsoft\jdk-17.0.10.7-hotspot\bin\msvcp140.dll
0x00007ff92ad50000 - 0x00007ff92b9b5000 	C:\Program Files\Microsoft\jdk-17.0.10.7-hotspot\bin\server\jvm.dll
0x00007ff9a3670000 - 0x00007ff9a3713000 	C:\windows\System32\ADVAPI32.dll
0x00007ff9a4160000 - 0x00007ff9a41f7000 	C:\windows\System32\sechost.dll
0x00007ff9a2420000 - 0x00007ff9a246a000 	C:\windows\System32\POWRPROF.dll
0x00007ff9a23b0000 - 0x00007ff9a23c0000 	C:\windows\System32\UMPDC.dll
0x00007ff99d4f0000 - 0x00007ff99d4f9000 	C:\windows\SYSTEM32\WSOCK32.dll
0x00007ff99cf00000 - 0x00007ff99cf0a000 	C:\windows\SYSTEM32\VERSION.dll
0x00007ff9a49c0000 - 0x00007ff9a4a2f000 	C:\windows\System32\WS2_32.dll
0x00007ff9a00e0000 - 0x00007ff9a0104000 	C:\windows\SYSTEM32\WINMM.dll
0x00007ff99ffb0000 - 0x00007ff99ffdd000 	C:\windows\SYSTEM32\winmmbase.dll
0x00007ff9a3400000 - 0x00007ff9a344a000 	C:\windows\System32\cfgmgr32.dll
0x00007ff9a23c0000 - 0x00007ff9a23d1000 	C:\windows\System32\kernel.appcore.dll
0x00007ff98adb0000 - 0x00007ff98adba000 	C:\Program Files\Microsoft\jdk-17.0.10.7-hotspot\bin\jimage.dll
0x00007ff9a0d00000 - 0x00007ff9a0ef4000 	C:\windows\SYSTEM32\DBGHELP.DLL
0x00007ff989670000 - 0x00007ff98969a000 	C:\windows\SYSTEM32\dbgcore.DLL
0x00007ff97b500000 - 0x00007ff97b50e000 	C:\Program Files\Microsoft\jdk-17.0.10.7-hotspot\bin\instrument.dll
0x00007ff969e20000 - 0x00007ff969e45000 	C:\Program Files\Microsoft\jdk-17.0.10.7-hotspot\bin\java.dll
0x00007ff93a630000 - 0x00007ff93a707000 	C:\Program Files\Microsoft\jdk-17.0.10.7-hotspot\bin\jsvml.dll
0x00007ff9a4c30000 - 0x00007ff9a5310000 	C:\windows\System32\SHELL32.dll
0x00007ff9a3820000 - 0x00007ff9a38c9000 	C:\windows\System32\shcore.dll
0x00007ff9a2b80000 - 0x00007ff9a32fb000 	C:\windows\System32\windows.storage.dll
0x00007ff9a2400000 - 0x00007ff9a241f000 	C:\windows\System32\profapi.dll
0x00007ff9a3e70000 - 0x00007ff9a3ec2000 	C:\windows\System32\shlwapi.dll
0x00007ff9a2b30000 - 0x00007ff9a2b47000 	C:\windows\System32\cryptsp.dll
0x00007ff967790000 - 0x00007ff9677a8000 	C:\Program Files\Microsoft\jdk-17.0.10.7-hotspot\bin\zip.dll
0x00007ff975330000 - 0x00007ff975349000 	C:\Program Files\Microsoft\jdk-17.0.10.7-hotspot\bin\net.dll
0x00007ff998480000 - 0x00007ff998570000 	C:\windows\SYSTEM32\WINHTTP.dll
0x00007ff9a1b80000 - 0x00007ff9a1be7000 	C:\windows\system32\mswsock.dll
0x00007ff9751e0000 - 0x00007ff9751f6000 	C:\Program Files\Microsoft\jdk-17.0.10.7-hotspot\bin\nio.dll
0x00007ff97e9f0000 - 0x00007ff97ea00000 	C:\Program Files\Microsoft\jdk-17.0.10.7-hotspot\bin\verify.dll
0x00007ff98d630000 - 0x00007ff98d657000 	C:\Users\Khushboo Mayur Patil\.gradle\native\68d5fa5c4cc2d200863cafc0d521ce42e7d3e7ee720ec0a83991735586a16f82\windows-amd64\native-platform.dll
0x00007ff929b20000 - 0x00007ff929c64000 	C:\Users\Khushboo Mayur Patil\.gradle\native\e376f236ea51e6404a007f0833ffe2c6e607c4080706a723a18a27aeea778392\windows-amd64\native-platform-file-events.dll
0x00007ff99d520000 - 0x00007ff99d529000 	C:\Program Files\Microsoft\jdk-17.0.10.7-hotspot\bin\management.dll
0x00007ff99d510000 - 0x00007ff99d51b000 	C:\Program Files\Microsoft\jdk-17.0.10.7-hotspot\bin\management_ext.dll
0x00007ff9a4150000 - 0x00007ff9a4158000 	C:\windows\System32\PSAPI.DLL
0x00007ff9a1740000 - 0x00007ff9a1773000 	C:\windows\system32\rsaenh.dll
0x00007ff9a2b50000 - 0x00007ff9a2b76000 	C:\windows\System32\bcrypt.dll
0x00007ff9a22d0000 - 0x00007ff9a22f5000 	C:\windows\SYSTEM32\USERENV.dll
0x00007ff9a1d70000 - 0x00007ff9a1d7c000 	C:\windows\SYSTEM32\CRYPTBASE.dll
0x00007ff9a18e0000 - 0x00007ff9a191a000 	C:\windows\SYSTEM32\IPHLPAPI.DLL
0x00007ff9a4140000 - 0x00007ff9a4148000 	C:\windows\System32\NSI.dll
0x00007ff99bd20000 - 0x00007ff99bd36000 	C:\windows\SYSTEM32\dhcpcsvc6.DLL
0x00007ff99b920000 - 0x00007ff99b93c000 	C:\windows\SYSTEM32\dhcpcsvc.DLL
0x00007ff9a1930000 - 0x00007ff9a19fa000 	C:\windows\SYSTEM32\DNSAPI.dll
0x00007ff97fa80000 - 0x00007ff97fa89000 	C:\Program Files\Microsoft\jdk-17.0.10.7-hotspot\bin\extnet.dll
0x00007ff988970000 - 0x00007ff98897e000 	C:\Program Files\Microsoft\jdk-17.0.10.7-hotspot\bin\sunmscapi.dll
0x00007ff9a3450000 - 0x00007ff9a3599000 	C:\windows\System32\CRYPT32.dll
0x00007ff9a23e0000 - 0x00007ff9a23f2000 	C:\windows\System32\MSASN1.dll
0x00007ff9a1e90000 - 0x00007ff9a1eb6000 	C:\windows\SYSTEM32\ncrypt.dll
0x00007ff9a1e50000 - 0x00007ff9a1e8b000 	C:\windows\SYSTEM32\NTASN1.dll
0x00007ff989b70000 - 0x00007ff989b77000 	C:\windows\system32\wshunix.dll
0x00007ff998080000 - 0x00007ff99808a000 	C:\Windows\System32\rasadhlp.dll
0x00007ff983a40000 - 0x00007ff983a56000 	C:\windows\system32\napinsp.dll
0x00007ff982ee0000 - 0x00007ff982efa000 	C:\windows\system32\pnrpnsp.dll
0x00007ff983a30000 - 0x00007ff983a3e000 	C:\windows\System32\winrnr.dll
0x00007ff99e430000 - 0x00007ff99e44c000 	C:\windows\system32\NLAapi.dll
0x00007ff99d580000 - 0x00007ff99d595000 	C:\windows\system32\wshbth.dll
0x00007ff99b090000 - 0x00007ff99b107000 	C:\windows\System32\fwpuclnt.dll
0x00007ff9a1420000 - 0x00007ff9a1451000 	C:\windows\SYSTEM32\ntmarta.dll

dbghelp: loaded successfully - version: 4.0.5 - missing functions: none
symbol engine: initialized successfully - sym options: 0x614 - pdb path: .;C:\Program Files\Microsoft\jdk-17.0.10.7-hotspot\bin;C:\windows\SYSTEM32;C:\windows\WinSxS\amd64_microsoft.windows.common-controls_6595b64144ccf1df_6.0.18362.207_none_e6c5ae95130e4267;C:\Program Files\Microsoft\jdk-17.0.10.7-hotspot\bin\server;C:\Users\Khushboo Mayur Patil\.gradle\native\68d5fa5c4cc2d200863cafc0d521ce42e7d3e7ee720ec0a83991735586a16f82\windows-amd64;C:\Users\Khushboo Mayur Patil\.gradle\native\e376f236ea51e6404a007f0833ffe2c6e607c4080706a723a18a27aeea778392\windows-amd64

VM Arguments:
jvm_args: -XX:MaxMetaspaceSize=512m --add-opens=java.base/java.util=ALL-UNNAMED --add-opens=java.base/java.lang=ALL-UNNAMED --add-opens=java.base/java.lang.invoke=ALL-UNNAMED --add-opens=java.prefs/java.util.prefs=ALL-UNNAMED --add-opens=java.base/java.nio.charset=ALL-UNNAMED --add-opens=java.base/java.net=ALL-UNNAMED --add-opens=java.base/java.util.concurrent.atomic=ALL-UNNAMED -Xmx2048m -Dfile.encoding=utf8 -Duser.country=IN -Duser.language=en -Duser.variant -javaagent:C:\Users\Khushboo Mayur Patil\.gradle\wrapper\dists\gradle-8.3-all\6en3ugtfdg5xnpx44z4qbwgas\gradle-8.3\lib\agents\gradle-instrumentation-agent-8.3.jar 
java_command: org.gradle.launcher.daemon.bootstrap.GradleDaemon 8.3
java_class_path (initial): C:\Users\Khushboo Mayur Patil\.gradle\wrapper\dists\gradle-8.3-all\6en3ugtfdg5xnpx44z4qbwgas\gradle-8.3\lib\gradle-launcher-8.3.jar
Launcher Type: SUN_STANDARD

[Global flags]
     intx CICompilerCount                          = 4                                         {product} {ergonomic}
   size_t CompressedClassSpaceSize                 = 436207616                                 {product} {ergonomic}
     uint ConcGCThreads                            = 2                                         {product} {ergonomic}
     uint G1ConcRefinementThreads                  = 8                                         {product} {ergonomic}
   size_t G1HeapRegionSize                         = 1048576                                   {product} {ergonomic}
    uintx GCDrainStackTargetSize                   = 64                                        {product} {ergonomic}
   size_t InitialHeapSize                          = 134217728                                 {product} {ergonomic}
   size_t MarkStackSize                            = 4194304                                   {product} {ergonomic}
   size_t MaxHeapSize                              = 2147483648                                {product} {command line}
   size_t MaxMetaspaceSize                         = 536870912                                 {product} {command line}
   size_t MaxNewSize                               = 1287651328                                {product} {ergonomic}
   size_t MinHeapDeltaBytes                        = 1048576                                   {product} {ergonomic}
   size_t MinHeapSize                              = 8388608                                   {product} {ergonomic}
    uintx NonNMethodCodeHeapSize                   = 5839372                                {pd product} {ergonomic}
    uintx NonProfiledCodeHeapSize                  = 122909434                              {pd product} {ergonomic}
    uintx ProfiledCodeHeapSize                     = 122909434                              {pd product} {ergonomic}
    uintx ReservedCodeCacheSize                    = 251658240                              {pd product} {ergonomic}
     bool SegmentedCodeCache                       = true                                      {product} {ergonomic}
   size_t SoftMaxHeapSize                          = 2147483648                             {manageable} {ergonomic}
     bool UseCompressedClassPointers               = true                           {product lp64_product} {ergonomic}
     bool UseCompressedOops                        = true                           {product lp64_product} {ergonomic}
     bool UseG1GC                                  = true                                      {product} {ergonomic}
     bool UseLargePagesIndividualAllocation        = false                                  {pd product} {ergonomic}

Logging:
Log output configuration:
 #0: stdout all=warning uptime,level,tags
 #1: stderr all=off uptime,level,tags

Environment Variables:
JAVA_HOME=C:\Program Files\Microsoft\jdk-17.0.10.7-hotspot\
PATH=C:\Program Files\Microsoft\jdk-17.0.10.7-hotspot\bin;C:\windows\system32;C:\windows;C:\windows\System32\Wbem;C:\windows\System32\WindowsPowerShell\v1.0\;C:\windows\System32\OpenSSH\;C:\Program Files\dotnet\;C:\ProgramData\chocolatey\bin;C:\Program Files\nodejs\;C:\Users\Khushboo Mayur Patil\AppData\Local\Android\Sdk\platform-tools;C:\Program Files\Git\cmd;C:\Users\Khushboo Mayur Patil\AppData\Local\Microsoft\WindowsApps;C:\Users\Khushboo Mayur Patil\.dotnet\tools;C:\Users\Khushboo Mayur Patil\AppData\Roaming\npm;C:\Users\Khushboo Mayur Patil\AppData\Local\Programs\Microsoft VS Code\bin
USERNAME=Khushboo Mayur Patil
OS=Windows_NT
PROCESSOR_IDENTIFIER=Intel64 Family 6 Model 142 Stepping 10, GenuineIntel
TMP=C:\Users\KHUSHB~1\AppData\Local\Temp
TEMP=C:\Users\KHUSHB~1\AppData\Local\Temp



Periodic native trim disabled


---------------  S Y S T E M  ---------------

OS:
 Windows 10 , 64 bit Build 18362 (10.0.18362.86)
OS uptime: 1 days 20:11 hours
Hyper-V role detected

CPU: total 8 (initial active 8) (4 cores per cpu, 2 threads per core) family 6 model 142 stepping 10 microcode 0x96, cx8, cmov, fxsr, ht, mmx, 3dnowpref, sse, sse2, sse3, ssse3, sse4.1, sse4.2, popcnt, lzcnt, tsc, tscinvbit, avx, avx2, aes, erms, clmul, bmi1, bmi2, adx, fma, vzeroupper, clflush, clflushopt, hv
Processor Information for all 8 processors :
  Max Mhz: 1801, Current Mhz: 1801, Mhz Limit: 1801

Memory: 4k page, system-wide physical 8107M (1323M free)
TotalPageFile size 16299M (AvailPageFile size 6331M)
current process WorkingSet (physical memory assigned to process): 449M, peak: 449M
current process commit charge ("private bytes"): 532M, peak: 532M

vm_info: OpenJDK 64-Bit Server VM (17.0.10+7-LTS) for windows-amd64 JRE (17.0.10+7-LTS), built on Jan 10 2024 19:47:12 by "MicrosoftCorporation" with MS VC++ 16.10 / 16.11 (VS2019)

END.
